2025-05-29 23:27:58,975 - app - INFO - Logging system initialized [in E:\2024-2025\Kì 2\PBL5\greenhouse\backend\app\utils\logging.py:60]
2025-05-29 23:27:58,975 - app - INFO - Logging system initialized [in E:\2024-2025\Kì 2\PBL5\greenhouse\backend\app\utils\logging.py:60]
2025-05-29 23:27:59,741 - app - INFO - MQTT client initialized successfully [in E:\2024-2025\Kì 2\PBL5\greenhouse\backend\app\__init__.py:38]
2025-05-29 23:27:59,741 - app - INFO - MQTT client initialized successfully [in E:\2024-2025\Kì 2\PBL5\greenhouse\backend\app\__init__.py:38]
2025-05-29 23:27:59,753 - app.services.mqtt_client - INFO - Connected to MQTT broker successfully [in E:\2024-2025\Kì 2\PBL5\greenhouse\backend\app\services\mqtt_client.py:33]
2025-05-29 23:27:59,753 - app.services.mqtt_client - INFO - Connected to MQTT broker successfully [in E:\2024-2025\Kì 2\PBL5\greenhouse\backend\app\services\mqtt_client.py:33]
2025-05-29 23:27:59,754 - app.services.monitoring - INFO - MQTT client connected [in E:\2024-2025\Kì 2\PBL5\greenhouse\backend\app\services\monitoring.py:50]
2025-05-29 23:27:59,754 - app.services.monitoring - INFO - MQTT client connected [in E:\2024-2025\Kì 2\PBL5\greenhouse\backend\app\services\monitoring.py:50]
2025-05-29 23:27:59,760 - app.services.mqtt_client - DEBUG - Subscribed to topic: greenhouse/sensors/temperature [in E:\2024-2025\Kì 2\PBL5\greenhouse\backend\app\services\mqtt_client.py:39]
2025-05-29 23:27:59,760 - app.services.mqtt_client - DEBUG - Subscribed to topic: greenhouse/sensors/temperature [in E:\2024-2025\Kì 2\PBL5\greenhouse\backend\app\services\mqtt_client.py:39]
2025-05-29 23:27:59,766 - app.services.mqtt_client - DEBUG - Subscribed to topic: greenhouse/sensors/humidity [in E:\2024-2025\Kì 2\PBL5\greenhouse\backend\app\services\mqtt_client.py:39]
2025-05-29 23:27:59,766 - app.services.mqtt_client - DEBUG - Subscribed to topic: greenhouse/sensors/humidity [in E:\2024-2025\Kì 2\PBL5\greenhouse\backend\app\services\mqtt_client.py:39]
2025-05-29 23:27:59,767 - app.services.mqtt_client - DEBUG - Subscribed to topic: greenhouse/sensors/soil [in E:\2024-2025\Kì 2\PBL5\greenhouse\backend\app\services\mqtt_client.py:39]
2025-05-29 23:27:59,767 - app.services.mqtt_client - DEBUG - Subscribed to topic: greenhouse/sensors/soil [in E:\2024-2025\Kì 2\PBL5\greenhouse\backend\app\services\mqtt_client.py:39]
2025-05-29 23:27:59,767 - app.services.mqtt_client - DEBUG - Subscribed to topic: greenhouse/sensors/light [in E:\2024-2025\Kì 2\PBL5\greenhouse\backend\app\services\mqtt_client.py:39]
2025-05-29 23:27:59,767 - app.services.mqtt_client - DEBUG - Subscribed to topic: greenhouse/sensors/light [in E:\2024-2025\Kì 2\PBL5\greenhouse\backend\app\services\mqtt_client.py:39]
2025-05-29 23:27:59,975 - app.services.timescale - INFO - TimescaleDB initialized successfully [in E:\2024-2025\Kì 2\PBL5\greenhouse\backend\app\services\timescale.py:36]
2025-05-29 23:27:59,975 - app.services.timescale - INFO - TimescaleDB initialized successfully [in E:\2024-2025\Kì 2\PBL5\greenhouse\backend\app\services\timescale.py:36]
2025-05-29 23:27:59,977 - app - INFO - TimescaleDB initialized successfully [in E:\2024-2025\Kì 2\PBL5\greenhouse\backend\app\__init__.py:74]
2025-05-29 23:27:59,977 - app - INFO - TimescaleDB initialized successfully [in E:\2024-2025\Kì 2\PBL5\greenhouse\backend\app\__init__.py:74]
2025-05-29 23:27:59,978 - app - INFO - Application initialized successfully [in E:\2024-2025\Kì 2\PBL5\greenhouse\backend\app\__init__.py:78]
2025-05-29 23:27:59,978 - app - INFO - Application initialized successfully [in E:\2024-2025\Kì 2\PBL5\greenhouse\backend\app\__init__.py:78]
2025-05-29 23:28:14,438 - app - INFO - Logging system initialized [in E:\2024-2025\Kì 2\PBL5\greenhouse\backend\app\utils\logging.py:60]
2025-05-29 23:28:14,438 - app - INFO - Logging system initialized [in E:\2024-2025\Kì 2\PBL5\greenhouse\backend\app\utils\logging.py:60]
2025-05-29 23:28:14,761 - app - INFO - MQTT client initialized successfully [in E:\2024-2025\Kì 2\PBL5\greenhouse\backend\app\__init__.py:38]
2025-05-29 23:28:14,761 - app.services.mqtt_client - INFO - Connected to MQTT broker successfully [in E:\2024-2025\Kì 2\PBL5\greenhouse\backend\app\services\mqtt_client.py:33]
2025-05-29 23:28:14,761 - app - INFO - MQTT client initialized successfully [in E:\2024-2025\Kì 2\PBL5\greenhouse\backend\app\__init__.py:38]
2025-05-29 23:28:14,761 - app.services.mqtt_client - INFO - Connected to MQTT broker successfully [in E:\2024-2025\Kì 2\PBL5\greenhouse\backend\app\services\mqtt_client.py:33]
2025-05-29 23:28:14,763 - app.services.monitoring - INFO - MQTT client connected [in E:\2024-2025\Kì 2\PBL5\greenhouse\backend\app\services\monitoring.py:50]
2025-05-29 23:28:14,763 - app.services.monitoring - INFO - MQTT client connected [in E:\2024-2025\Kì 2\PBL5\greenhouse\backend\app\services\monitoring.py:50]
2025-05-29 23:28:14,765 - app.services.mqtt_client - DEBUG - Subscribed to topic: greenhouse/sensors/temperature [in E:\2024-2025\Kì 2\PBL5\greenhouse\backend\app\services\mqtt_client.py:39]
2025-05-29 23:28:14,765 - app.services.mqtt_client - DEBUG - Subscribed to topic: greenhouse/sensors/temperature [in E:\2024-2025\Kì 2\PBL5\greenhouse\backend\app\services\mqtt_client.py:39]
2025-05-29 23:28:14,766 - app.services.mqtt_client - DEBUG - Subscribed to topic: greenhouse/sensors/humidity [in E:\2024-2025\Kì 2\PBL5\greenhouse\backend\app\services\mqtt_client.py:39]
2025-05-29 23:28:14,766 - app.services.mqtt_client - DEBUG - Subscribed to topic: greenhouse/sensors/humidity [in E:\2024-2025\Kì 2\PBL5\greenhouse\backend\app\services\mqtt_client.py:39]
2025-05-29 23:28:14,766 - app.services.mqtt_client - DEBUG - Subscribed to topic: greenhouse/sensors/soil [in E:\2024-2025\Kì 2\PBL5\greenhouse\backend\app\services\mqtt_client.py:39]
2025-05-29 23:28:14,766 - app.services.mqtt_client - DEBUG - Subscribed to topic: greenhouse/sensors/soil [in E:\2024-2025\Kì 2\PBL5\greenhouse\backend\app\services\mqtt_client.py:39]
2025-05-29 23:28:14,767 - app.services.mqtt_client - DEBUG - Subscribed to topic: greenhouse/sensors/light [in E:\2024-2025\Kì 2\PBL5\greenhouse\backend\app\services\mqtt_client.py:39]
2025-05-29 23:28:14,767 - app.services.mqtt_client - DEBUG - Subscribed to topic: greenhouse/sensors/light [in E:\2024-2025\Kì 2\PBL5\greenhouse\backend\app\services\mqtt_client.py:39]
2025-05-29 23:28:14,926 - app.services.timescale - INFO - TimescaleDB initialized successfully [in E:\2024-2025\Kì 2\PBL5\greenhouse\backend\app\services\timescale.py:36]
2025-05-29 23:28:14,926 - app.services.timescale - INFO - TimescaleDB initialized successfully [in E:\2024-2025\Kì 2\PBL5\greenhouse\backend\app\services\timescale.py:36]
2025-05-29 23:28:14,927 - app - INFO - TimescaleDB initialized successfully [in E:\2024-2025\Kì 2\PBL5\greenhouse\backend\app\__init__.py:74]
2025-05-29 23:28:14,927 - app - INFO - TimescaleDB initialized successfully [in E:\2024-2025\Kì 2\PBL5\greenhouse\backend\app\__init__.py:74]
2025-05-29 23:28:14,928 - app - INFO - Application initialized successfully [in E:\2024-2025\Kì 2\PBL5\greenhouse\backend\app\__init__.py:78]
2025-05-29 23:28:14,928 - app - INFO - Application initialized successfully [in E:\2024-2025\Kì 2\PBL5\greenhouse\backend\app\__init__.py:78]
2025-05-29 23:28:14,995 - werkzeug - WARNING -  * Debugger is active! [in C:\Users\Admin\AppData\Local\Programs\Python\Python313\Lib\site-packages\werkzeug\_internal.py:97]
2025-05-29 23:28:29,269 - app - DEBUG - Request: GET /api/sensors/latest [in E:\2024-2025\Kì 2\PBL5\greenhouse\backend\app\__init__.py:62]
2025-05-29 23:28:29,269 - app - DEBUG - Request: GET /api/sensors/latest [in E:\2024-2025\Kì 2\PBL5\greenhouse\backend\app\__init__.py:62]
2025-05-29 23:28:29,273 - app - DEBUG - Request: GET /api/devices/status [in E:\2024-2025\Kì 2\PBL5\greenhouse\backend\app\__init__.py:62]
2025-05-29 23:28:29,273 - app - DEBUG - Request: GET /api/devices/status [in E:\2024-2025\Kì 2\PBL5\greenhouse\backend\app\__init__.py:62]
2025-05-29 23:28:29,275 - app - DEBUG - Request: GET /api/alerts [in E:\2024-2025\Kì 2\PBL5\greenhouse\backend\app\__init__.py:62]
2025-05-29 23:28:29,275 - app - DEBUG - Request: GET /api/alerts [in E:\2024-2025\Kì 2\PBL5\greenhouse\backend\app\__init__.py:62]
2025-05-29 23:28:29,414 - app - DEBUG - Response: 200 OK [in E:\2024-2025\Kì 2\PBL5\greenhouse\backend\app\__init__.py:67]
2025-05-29 23:28:29,414 - app - DEBUG - Response: 200 OK [in E:\2024-2025\Kì 2\PBL5\greenhouse\backend\app\__init__.py:67]
2025-05-29 23:28:29,423 - app - DEBUG - Response: 200 OK [in E:\2024-2025\Kì 2\PBL5\greenhouse\backend\app\__init__.py:67]
2025-05-29 23:28:29,423 - app - DEBUG - Response: 200 OK [in E:\2024-2025\Kì 2\PBL5\greenhouse\backend\app\__init__.py:67]
2025-05-29 23:28:29,428 - app - DEBUG - Response: 200 OK [in E:\2024-2025\Kì 2\PBL5\greenhouse\backend\app\__init__.py:67]
2025-05-29 23:28:29,428 - app - DEBUG - Response: 200 OK [in E:\2024-2025\Kì 2\PBL5\greenhouse\backend\app\__init__.py:67]
2025-05-29 23:28:29,521 - app - DEBUG - Request: GET /api/devices/status [in E:\2024-2025\Kì 2\PBL5\greenhouse\backend\app\__init__.py:62]
2025-05-29 23:28:29,521 - app - DEBUG - Request: GET /api/devices/status [in E:\2024-2025\Kì 2\PBL5\greenhouse\backend\app\__init__.py:62]
2025-05-29 23:28:29,524 - app - DEBUG - Response: 200 OK [in E:\2024-2025\Kì 2\PBL5\greenhouse\backend\app\__init__.py:67]
2025-05-29 23:28:29,524 - app - DEBUG - Response: 200 OK [in E:\2024-2025\Kì 2\PBL5\greenhouse\backend\app\__init__.py:67]
2025-05-29 23:28:29,731 - app - DEBUG - Request: GET /api/alerts [in E:\2024-2025\Kì 2\PBL5\greenhouse\backend\app\__init__.py:62]
2025-05-29 23:28:29,732 - app - DEBUG - Request: GET /api/sensors/latest [in E:\2024-2025\Kì 2\PBL5\greenhouse\backend\app\__init__.py:62]
2025-05-29 23:28:29,731 - app - DEBUG - Request: GET /api/alerts [in E:\2024-2025\Kì 2\PBL5\greenhouse\backend\app\__init__.py:62]
2025-05-29 23:28:29,732 - app - DEBUG - Request: GET /api/sensors/latest [in E:\2024-2025\Kì 2\PBL5\greenhouse\backend\app\__init__.py:62]
2025-05-29 23:28:29,734 - app - DEBUG - Response: 200 OK [in E:\2024-2025\Kì 2\PBL5\greenhouse\backend\app\__init__.py:67]
2025-05-29 23:28:29,735 - app - DEBUG - Response: 200 OK [in E:\2024-2025\Kì 2\PBL5\greenhouse\backend\app\__init__.py:67]
2025-05-29 23:28:29,734 - app - DEBUG - Response: 200 OK [in E:\2024-2025\Kì 2\PBL5\greenhouse\backend\app\__init__.py:67]
2025-05-29 23:28:29,735 - app - DEBUG - Response: 200 OK [in E:\2024-2025\Kì 2\PBL5\greenhouse\backend\app\__init__.py:67]
2025-05-29 23:28:33,976 - app - DEBUG - Request: GET /api/sensors/latest [in E:\2024-2025\Kì 2\PBL5\greenhouse\backend\app\__init__.py:62]
2025-05-29 23:28:33,976 - app - DEBUG - Request: GET /api/sensors/latest [in E:\2024-2025\Kì 2\PBL5\greenhouse\backend\app\__init__.py:62]
2025-05-29 23:28:33,981 - app - DEBUG - Response: 200 OK [in E:\2024-2025\Kì 2\PBL5\greenhouse\backend\app\__init__.py:67]
2025-05-29 23:28:33,981 - app - DEBUG - Response: 200 OK [in E:\2024-2025\Kì 2\PBL5\greenhouse\backend\app\__init__.py:67]
2025-05-29 23:28:34,281 - app - DEBUG - Request: GET /api/devices/status [in E:\2024-2025\Kì 2\PBL5\greenhouse\backend\app\__init__.py:62]
2025-05-29 23:28:34,282 - app - DEBUG - Request: GET /api/alerts [in E:\2024-2025\Kì 2\PBL5\greenhouse\backend\app\__init__.py:62]
2025-05-29 23:28:34,281 - app - DEBUG - Request: GET /api/devices/status [in E:\2024-2025\Kì 2\PBL5\greenhouse\backend\app\__init__.py:62]
2025-05-29 23:28:34,282 - app - DEBUG - Request: GET /api/alerts [in E:\2024-2025\Kì 2\PBL5\greenhouse\backend\app\__init__.py:62]
2025-05-29 23:28:34,286 - app - DEBUG - Response: 200 OK [in E:\2024-2025\Kì 2\PBL5\greenhouse\backend\app\__init__.py:67]
2025-05-29 23:28:34,286 - app - DEBUG - Response: 200 OK [in E:\2024-2025\Kì 2\PBL5\greenhouse\backend\app\__init__.py:67]
2025-05-29 23:28:34,291 - app - DEBUG - Response: 200 OK [in E:\2024-2025\Kì 2\PBL5\greenhouse\backend\app\__init__.py:67]
2025-05-29 23:28:34,291 - app - DEBUG - Response: 200 OK [in E:\2024-2025\Kì 2\PBL5\greenhouse\backend\app\__init__.py:67]
2025-05-29 23:28:37,727 - app - DEBUG - Request: GET /api/sensors/visualization [in E:\2024-2025\Kì 2\PBL5\greenhouse\backend\app\__init__.py:62]
2025-05-29 23:28:37,727 - app - DEBUG - Request: GET /api/sensors/visualization [in E:\2024-2025\Kì 2\PBL5\greenhouse\backend\app\__init__.py:62]
2025-05-29 23:28:37,775 - app - DEBUG - Response: 200 OK [in E:\2024-2025\Kì 2\PBL5\greenhouse\backend\app\__init__.py:67]
2025-05-29 23:28:37,775 - app - DEBUG - Response: 200 OK [in E:\2024-2025\Kì 2\PBL5\greenhouse\backend\app\__init__.py:67]
2025-05-29 23:28:37,981 - app - DEBUG - Request: GET /api/sensors/visualization [in E:\2024-2025\Kì 2\PBL5\greenhouse\backend\app\__init__.py:62]
2025-05-29 23:28:37,981 - app - DEBUG - Request: GET /api/sensors/visualization [in E:\2024-2025\Kì 2\PBL5\greenhouse\backend\app\__init__.py:62]
2025-05-29 23:28:38,004 - app - DEBUG - Response: 200 OK [in E:\2024-2025\Kì 2\PBL5\greenhouse\backend\app\__init__.py:67]
2025-05-29 23:28:38,004 - app - DEBUG - Response: 200 OK [in E:\2024-2025\Kì 2\PBL5\greenhouse\backend\app\__init__.py:67]
2025-05-29 23:28:44,213 - app - DEBUG - Request: GET /api/sensors/latest [in E:\2024-2025\Kì 2\PBL5\greenhouse\backend\app\__init__.py:62]
2025-05-29 23:28:44,213 - app - DEBUG - Request: GET /api/sensors/latest [in E:\2024-2025\Kì 2\PBL5\greenhouse\backend\app\__init__.py:62]
2025-05-29 23:28:44,220 - app - DEBUG - Response: 200 OK [in E:\2024-2025\Kì 2\PBL5\greenhouse\backend\app\__init__.py:67]
2025-05-29 23:28:44,220 - app - DEBUG - Response: 200 OK [in E:\2024-2025\Kì 2\PBL5\greenhouse\backend\app\__init__.py:67]
2025-05-29 23:28:44,523 - app - DEBUG - Request: GET /api/devices/status [in E:\2024-2025\Kì 2\PBL5\greenhouse\backend\app\__init__.py:62]
2025-05-29 23:28:44,524 - app - DEBUG - Request: GET /api/alerts [in E:\2024-2025\Kì 2\PBL5\greenhouse\backend\app\__init__.py:62]
2025-05-29 23:28:44,523 - app - DEBUG - Request: GET /api/devices/status [in E:\2024-2025\Kì 2\PBL5\greenhouse\backend\app\__init__.py:62]
2025-05-29 23:28:44,524 - app - DEBUG - Request: GET /api/alerts [in E:\2024-2025\Kì 2\PBL5\greenhouse\backend\app\__init__.py:62]
2025-05-29 23:28:44,527 - app - DEBUG - Response: 200 OK [in E:\2024-2025\Kì 2\PBL5\greenhouse\backend\app\__init__.py:67]
2025-05-29 23:28:44,527 - app - DEBUG - Response: 200 OK [in E:\2024-2025\Kì 2\PBL5\greenhouse\backend\app\__init__.py:67]
2025-05-29 23:28:44,527 - app - DEBUG - Response: 200 OK [in E:\2024-2025\Kì 2\PBL5\greenhouse\backend\app\__init__.py:67]
2025-05-29 23:28:44,527 - app - DEBUG - Response: 200 OK [in E:\2024-2025\Kì 2\PBL5\greenhouse\backend\app\__init__.py:67]
2025-05-29 23:28:44,530 - app - DEBUG - Request: GET /api/sensors/latest [in E:\2024-2025\Kì 2\PBL5\greenhouse\backend\app\__init__.py:62]
2025-05-29 23:28:44,530 - app - DEBUG - Request: GET /api/sensors/latest [in E:\2024-2025\Kì 2\PBL5\greenhouse\backend\app\__init__.py:62]
2025-05-29 23:28:44,535 - app - DEBUG - Response: 200 OK [in E:\2024-2025\Kì 2\PBL5\greenhouse\backend\app\__init__.py:67]
2025-05-29 23:28:44,535 - app - DEBUG - Response: 200 OK [in E:\2024-2025\Kì 2\PBL5\greenhouse\backend\app\__init__.py:67]
2025-05-29 23:28:44,847 - app - DEBUG - Request: GET /api/devices/status [in E:\2024-2025\Kì 2\PBL5\greenhouse\backend\app\__init__.py:62]
2025-05-29 23:28:44,849 - app - DEBUG - Request: GET /api/alerts [in E:\2024-2025\Kì 2\PBL5\greenhouse\backend\app\__init__.py:62]
2025-05-29 23:28:44,847 - app - DEBUG - Request: GET /api/devices/status [in E:\2024-2025\Kì 2\PBL5\greenhouse\backend\app\__init__.py:62]
2025-05-29 23:28:44,849 - app - DEBUG - Request: GET /api/alerts [in E:\2024-2025\Kì 2\PBL5\greenhouse\backend\app\__init__.py:62]
2025-05-29 23:28:44,851 - app - DEBUG - Response: 200 OK [in E:\2024-2025\Kì 2\PBL5\greenhouse\backend\app\__init__.py:67]
2025-05-29 23:28:44,851 - app - DEBUG - Response: 200 OK [in E:\2024-2025\Kì 2\PBL5\greenhouse\backend\app\__init__.py:67]
2025-05-29 23:28:44,851 - app - DEBUG - Response: 200 OK [in E:\2024-2025\Kì 2\PBL5\greenhouse\backend\app\__init__.py:67]
2025-05-29 23:28:44,851 - app - DEBUG - Response: 200 OK [in E:\2024-2025\Kì 2\PBL5\greenhouse\backend\app\__init__.py:67]
2025-05-29 23:28:45,895 - app - DEBUG - Request: GET /api/sensors/visualization [in E:\2024-2025\Kì 2\PBL5\greenhouse\backend\app\__init__.py:62]
2025-05-29 23:28:45,895 - app - DEBUG - Request: GET /api/sensors/visualization [in E:\2024-2025\Kì 2\PBL5\greenhouse\backend\app\__init__.py:62]
2025-05-29 23:28:45,918 - app - DEBUG - Response: 200 OK [in E:\2024-2025\Kì 2\PBL5\greenhouse\backend\app\__init__.py:67]
2025-05-29 23:28:45,918 - app - DEBUG - Response: 200 OK [in E:\2024-2025\Kì 2\PBL5\greenhouse\backend\app\__init__.py:67]
2025-05-29 23:28:46,137 - app - DEBUG - Request: GET /api/sensors/visualization [in E:\2024-2025\Kì 2\PBL5\greenhouse\backend\app\__init__.py:62]
2025-05-29 23:28:46,137 - app - DEBUG - Request: GET /api/sensors/visualization [in E:\2024-2025\Kì 2\PBL5\greenhouse\backend\app\__init__.py:62]
2025-05-29 23:28:46,142 - app - DEBUG - Response: 200 OK [in E:\2024-2025\Kì 2\PBL5\greenhouse\backend\app\__init__.py:67]
2025-05-29 23:28:46,142 - app - DEBUG - Response: 200 OK [in E:\2024-2025\Kì 2\PBL5\greenhouse\backend\app\__init__.py:67]
2025-05-29 23:28:50,130 - app - DEBUG - Request: GET /api/sensors/visualization [in E:\2024-2025\Kì 2\PBL5\greenhouse\backend\app\__init__.py:62]
2025-05-29 23:28:50,130 - app - DEBUG - Request: GET /api/sensors/visualization [in E:\2024-2025\Kì 2\PBL5\greenhouse\backend\app\__init__.py:62]
2025-05-29 23:28:50,134 - app - DEBUG - Response: 200 OK [in E:\2024-2025\Kì 2\PBL5\greenhouse\backend\app\__init__.py:67]
2025-05-29 23:28:50,134 - app - DEBUG - Response: 200 OK [in E:\2024-2025\Kì 2\PBL5\greenhouse\backend\app\__init__.py:67]
2025-05-29 23:28:50,448 - app - DEBUG - Request: GET /api/sensors/visualization [in E:\2024-2025\Kì 2\PBL5\greenhouse\backend\app\__init__.py:62]
2025-05-29 23:28:50,448 - app - DEBUG - Request: GET /api/sensors/visualization [in E:\2024-2025\Kì 2\PBL5\greenhouse\backend\app\__init__.py:62]
2025-05-29 23:28:50,451 - app - DEBUG - Response: 200 OK [in E:\2024-2025\Kì 2\PBL5\greenhouse\backend\app\__init__.py:67]
2025-05-29 23:28:50,451 - app - DEBUG - Response: 200 OK [in E:\2024-2025\Kì 2\PBL5\greenhouse\backend\app\__init__.py:67]
2025-05-29 23:29:56,572 - app - DEBUG - Request: GET /api/sensors/visualization [in E:\2024-2025\Kì 2\PBL5\greenhouse\backend\app\__init__.py:62]
2025-05-29 23:29:56,572 - app - DEBUG - Request: GET /api/sensors/visualization [in E:\2024-2025\Kì 2\PBL5\greenhouse\backend\app\__init__.py:62]
2025-05-29 23:29:56,577 - app - DEBUG - Response: 200 OK [in E:\2024-2025\Kì 2\PBL5\greenhouse\backend\app\__init__.py:67]
2025-05-29 23:29:56,577 - app - DEBUG - Response: 200 OK [in E:\2024-2025\Kì 2\PBL5\greenhouse\backend\app\__init__.py:67]
2025-05-29 23:29:58,980 - app - DEBUG - Request: GET /api/sensors/visualization [in E:\2024-2025\Kì 2\PBL5\greenhouse\backend\app\__init__.py:62]
2025-05-29 23:29:58,980 - app - DEBUG - Request: GET /api/sensors/visualization [in E:\2024-2025\Kì 2\PBL5\greenhouse\backend\app\__init__.py:62]
2025-05-29 23:29:58,999 - app - DEBUG - Response: 200 OK [in E:\2024-2025\Kì 2\PBL5\greenhouse\backend\app\__init__.py:67]
2025-05-29 23:29:58,999 - app - DEBUG - Response: 200 OK [in E:\2024-2025\Kì 2\PBL5\greenhouse\backend\app\__init__.py:67]
2025-05-29 23:30:14,650 - app - DEBUG - Request: GET /api/sensors/visualization [in E:\2024-2025\Kì 2\PBL5\greenhouse\backend\app\__init__.py:62]
2025-05-29 23:30:14,650 - app - DEBUG - Request: GET /api/sensors/visualization [in E:\2024-2025\Kì 2\PBL5\greenhouse\backend\app\__init__.py:62]
2025-05-29 23:30:14,695 - app - DEBUG - Response: 200 OK [in E:\2024-2025\Kì 2\PBL5\greenhouse\backend\app\__init__.py:67]
2025-05-29 23:30:14,695 - app - DEBUG - Response: 200 OK [in E:\2024-2025\Kì 2\PBL5\greenhouse\backend\app\__init__.py:67]
2025-05-29 23:30:21,778 - app - DEBUG - Request: GET /api/sensors/visualization [in E:\2024-2025\Kì 2\PBL5\greenhouse\backend\app\__init__.py:62]
2025-05-29 23:30:21,778 - app - DEBUG - Request: GET /api/sensors/visualization [in E:\2024-2025\Kì 2\PBL5\greenhouse\backend\app\__init__.py:62]
2025-05-29 23:30:21,787 - app - DEBUG - Response: 200 OK [in E:\2024-2025\Kì 2\PBL5\greenhouse\backend\app\__init__.py:67]
2025-05-29 23:30:21,787 - app - DEBUG - Response: 200 OK [in E:\2024-2025\Kì 2\PBL5\greenhouse\backend\app\__init__.py:67]
2025-05-29 23:30:39,065 - app - DEBUG - Request: GET /api/sensors/visualization [in E:\2024-2025\Kì 2\PBL5\greenhouse\backend\app\__init__.py:62]
2025-05-29 23:30:39,065 - app - DEBUG - Request: GET /api/sensors/visualization [in E:\2024-2025\Kì 2\PBL5\greenhouse\backend\app\__init__.py:62]
2025-05-29 23:30:39,069 - app - DEBUG - Response: 200 OK [in E:\2024-2025\Kì 2\PBL5\greenhouse\backend\app\__init__.py:67]
2025-05-29 23:30:39,069 - app - DEBUG - Response: 200 OK [in E:\2024-2025\Kì 2\PBL5\greenhouse\backend\app\__init__.py:67]
2025-05-29 23:30:42,827 - app - DEBUG - Request: GET /api/sensors/visualization [in E:\2024-2025\Kì 2\PBL5\greenhouse\backend\app\__init__.py:62]
2025-05-29 23:30:42,827 - app - DEBUG - Request: GET /api/sensors/visualization [in E:\2024-2025\Kì 2\PBL5\greenhouse\backend\app\__init__.py:62]
2025-05-29 23:30:42,834 - app - DEBUG - Response: 200 OK [in E:\2024-2025\Kì 2\PBL5\greenhouse\backend\app\__init__.py:67]
2025-05-29 23:30:42,834 - app - DEBUG - Response: 200 OK [in E:\2024-2025\Kì 2\PBL5\greenhouse\backend\app\__init__.py:67]
2025-05-29 23:31:06,868 - app - DEBUG - Request: GET /api/sensors/visualization [in E:\2024-2025\Kì 2\PBL5\greenhouse\backend\app\__init__.py:62]
2025-05-29 23:31:06,868 - app - DEBUG - Request: GET /api/sensors/visualization [in E:\2024-2025\Kì 2\PBL5\greenhouse\backend\app\__init__.py:62]
2025-05-29 23:31:06,872 - app - DEBUG - Response: 200 OK [in E:\2024-2025\Kì 2\PBL5\greenhouse\backend\app\__init__.py:67]
2025-05-29 23:31:06,872 - app - DEBUG - Response: 200 OK [in E:\2024-2025\Kì 2\PBL5\greenhouse\backend\app\__init__.py:67]
2025-05-29 23:31:07,131 - app - DEBUG - Request: GET /api/sensors/visualization [in E:\2024-2025\Kì 2\PBL5\greenhouse\backend\app\__init__.py:62]
2025-05-29 23:31:07,131 - app - DEBUG - Request: GET /api/sensors/visualization [in E:\2024-2025\Kì 2\PBL5\greenhouse\backend\app\__init__.py:62]
2025-05-29 23:31:07,135 - app - DEBUG - Response: 200 OK [in E:\2024-2025\Kì 2\PBL5\greenhouse\backend\app\__init__.py:67]
2025-05-29 23:31:07,135 - app - DEBUG - Response: 200 OK [in E:\2024-2025\Kì 2\PBL5\greenhouse\backend\app\__init__.py:67]
2025-05-29 23:34:43,302 - app - DEBUG - Request: GET /api/monitoring/mqtt [in E:\2024-2025\Kì 2\PBL5\greenhouse\backend\app\__init__.py:62]
2025-05-29 23:34:43,303 - app - DEBUG - Request: GET /api/monitoring/storage [in E:\2024-2025\Kì 2\PBL5\greenhouse\backend\app\__init__.py:62]
2025-05-29 23:34:43,302 - app - DEBUG - Request: GET /api/monitoring/mqtt [in E:\2024-2025\Kì 2\PBL5\greenhouse\backend\app\__init__.py:62]
2025-05-29 23:34:43,305 - app - DEBUG - Response: 200 OK [in E:\2024-2025\Kì 2\PBL5\greenhouse\backend\app\__init__.py:67]
2025-05-29 23:34:43,303 - app - DEBUG - Request: GET /api/monitoring/storage [in E:\2024-2025\Kì 2\PBL5\greenhouse\backend\app\__init__.py:62]
2025-05-29 23:34:43,305 - app - DEBUG - Response: 200 OK [in E:\2024-2025\Kì 2\PBL5\greenhouse\backend\app\__init__.py:67]
2025-05-29 23:34:43,307 - app - DEBUG - Response: 200 OK [in E:\2024-2025\Kì 2\PBL5\greenhouse\backend\app\__init__.py:67]
2025-05-29 23:34:43,307 - app - DEBUG - Response: 200 OK [in E:\2024-2025\Kì 2\PBL5\greenhouse\backend\app\__init__.py:67]
2025-05-29 23:34:43,341 - app - DEBUG - Request: GET /api/monitoring/mqtt [in E:\2024-2025\Kì 2\PBL5\greenhouse\backend\app\__init__.py:62]
2025-05-29 23:34:43,341 - app - DEBUG - Request: GET /api/monitoring/mqtt [in E:\2024-2025\Kì 2\PBL5\greenhouse\backend\app\__init__.py:62]
2025-05-29 23:34:43,342 - app - DEBUG - Response: 200 OK [in E:\2024-2025\Kì 2\PBL5\greenhouse\backend\app\__init__.py:67]
2025-05-29 23:34:43,342 - app - DEBUG - Response: 200 OK [in E:\2024-2025\Kì 2\PBL5\greenhouse\backend\app\__init__.py:67]
2025-05-29 23:34:43,353 - app - DEBUG - Request: GET /api/monitoring/storage [in E:\2024-2025\Kì 2\PBL5\greenhouse\backend\app\__init__.py:62]
2025-05-29 23:34:43,353 - app - DEBUG - Request: GET /api/monitoring/storage [in E:\2024-2025\Kì 2\PBL5\greenhouse\backend\app\__init__.py:62]
2025-05-29 23:34:43,354 - app - DEBUG - Response: 200 OK [in E:\2024-2025\Kì 2\PBL5\greenhouse\backend\app\__init__.py:67]
2025-05-29 23:34:43,354 - app - DEBUG - Response: 200 OK [in E:\2024-2025\Kì 2\PBL5\greenhouse\backend\app\__init__.py:67]
2025-05-29 23:34:54,369 - app - DEBUG - Request: GET /api/sensors/visualization [in E:\2024-2025\Kì 2\PBL5\greenhouse\backend\app\__init__.py:62]
2025-05-29 23:34:54,369 - app - DEBUG - Request: GET /api/sensors/visualization [in E:\2024-2025\Kì 2\PBL5\greenhouse\backend\app\__init__.py:62]
2025-05-29 23:34:54,373 - app - DEBUG - Response: 200 OK [in E:\2024-2025\Kì 2\PBL5\greenhouse\backend\app\__init__.py:67]
2025-05-29 23:34:54,373 - app - DEBUG - Response: 200 OK [in E:\2024-2025\Kì 2\PBL5\greenhouse\backend\app\__init__.py:67]
2025-05-29 23:34:54,625 - app - DEBUG - Request: GET /api/sensors/visualization [in E:\2024-2025\Kì 2\PBL5\greenhouse\backend\app\__init__.py:62]
2025-05-29 23:34:54,625 - app - DEBUG - Request: GET /api/sensors/visualization [in E:\2024-2025\Kì 2\PBL5\greenhouse\backend\app\__init__.py:62]
2025-05-29 23:34:54,629 - app - DEBUG - Response: 200 OK [in E:\2024-2025\Kì 2\PBL5\greenhouse\backend\app\__init__.py:67]
2025-05-29 23:34:54,629 - app - DEBUG - Response: 200 OK [in E:\2024-2025\Kì 2\PBL5\greenhouse\backend\app\__init__.py:67]
2025-05-29 23:35:06,406 - app - DEBUG - Request: GET /api/sensors/latest [in E:\2024-2025\Kì 2\PBL5\greenhouse\backend\app\__init__.py:62]
2025-05-29 23:35:06,406 - app - DEBUG - Request: GET /api/sensors/latest [in E:\2024-2025\Kì 2\PBL5\greenhouse\backend\app\__init__.py:62]
2025-05-29 23:35:06,409 - app - DEBUG - Response: 200 OK [in E:\2024-2025\Kì 2\PBL5\greenhouse\backend\app\__init__.py:67]
2025-05-29 23:35:06,409 - app - DEBUG - Response: 200 OK [in E:\2024-2025\Kì 2\PBL5\greenhouse\backend\app\__init__.py:67]
2025-05-29 23:35:06,714 - app - DEBUG - Request: GET /api/devices/status [in E:\2024-2025\Kì 2\PBL5\greenhouse\backend\app\__init__.py:62]
2025-05-29 23:35:06,715 - app - DEBUG - Request: GET /api/alerts [in E:\2024-2025\Kì 2\PBL5\greenhouse\backend\app\__init__.py:62]
2025-05-29 23:35:06,716 - app - DEBUG - Request: GET /api/sensors/latest [in E:\2024-2025\Kì 2\PBL5\greenhouse\backend\app\__init__.py:62]
2025-05-29 23:35:06,714 - app - DEBUG - Request: GET /api/devices/status [in E:\2024-2025\Kì 2\PBL5\greenhouse\backend\app\__init__.py:62]
2025-05-29 23:35:06,715 - app - DEBUG - Request: GET /api/alerts [in E:\2024-2025\Kì 2\PBL5\greenhouse\backend\app\__init__.py:62]
2025-05-29 23:35:06,716 - app - DEBUG - Request: GET /api/sensors/latest [in E:\2024-2025\Kì 2\PBL5\greenhouse\backend\app\__init__.py:62]
2025-05-29 23:35:06,718 - app - DEBUG - Response: 200 OK [in E:\2024-2025\Kì 2\PBL5\greenhouse\backend\app\__init__.py:67]
2025-05-29 23:35:06,719 - app - DEBUG - Response: 200 OK [in E:\2024-2025\Kì 2\PBL5\greenhouse\backend\app\__init__.py:67]
2025-05-29 23:35:06,718 - app - DEBUG - Response: 200 OK [in E:\2024-2025\Kì 2\PBL5\greenhouse\backend\app\__init__.py:67]
2025-05-29 23:35:06,719 - app - DEBUG - Response: 200 OK [in E:\2024-2025\Kì 2\PBL5\greenhouse\backend\app\__init__.py:67]
2025-05-29 23:35:06,720 - app - DEBUG - Response: 200 OK [in E:\2024-2025\Kì 2\PBL5\greenhouse\backend\app\__init__.py:67]
2025-05-29 23:35:06,720 - app - DEBUG - Response: 200 OK [in E:\2024-2025\Kì 2\PBL5\greenhouse\backend\app\__init__.py:67]
2025-05-29 23:35:07,031 - app - DEBUG - Request: GET /api/devices/status [in E:\2024-2025\Kì 2\PBL5\greenhouse\backend\app\__init__.py:62]
2025-05-29 23:35:07,032 - app - DEBUG - Request: GET /api/alerts [in E:\2024-2025\Kì 2\PBL5\greenhouse\backend\app\__init__.py:62]
2025-05-29 23:35:07,031 - app - DEBUG - Request: GET /api/devices/status [in E:\2024-2025\Kì 2\PBL5\greenhouse\backend\app\__init__.py:62]
2025-05-29 23:35:07,032 - app - DEBUG - Request: GET /api/alerts [in E:\2024-2025\Kì 2\PBL5\greenhouse\backend\app\__init__.py:62]
2025-05-29 23:35:07,035 - app - DEBUG - Response: 200 OK [in E:\2024-2025\Kì 2\PBL5\greenhouse\backend\app\__init__.py:67]
2025-05-29 23:35:07,035 - app - DEBUG - Response: 200 OK [in E:\2024-2025\Kì 2\PBL5\greenhouse\backend\app\__init__.py:67]
2025-05-29 23:35:07,035 - app - DEBUG - Response: 200 OK [in E:\2024-2025\Kì 2\PBL5\greenhouse\backend\app\__init__.py:67]
2025-05-29 23:35:07,035 - app - DEBUG - Response: 200 OK [in E:\2024-2025\Kì 2\PBL5\greenhouse\backend\app\__init__.py:67]
2025-05-29 23:35:09,056 - app - DEBUG - Request: OPTIONS /api/devices/fan1/control [in E:\2024-2025\Kì 2\PBL5\greenhouse\backend\app\__init__.py:62]
2025-05-29 23:35:09,056 - app - DEBUG - Request: OPTIONS /api/devices/fan1/control [in E:\2024-2025\Kì 2\PBL5\greenhouse\backend\app\__init__.py:62]
2025-05-29 23:35:09,057 - app - DEBUG - Response: 200 OK [in E:\2024-2025\Kì 2\PBL5\greenhouse\backend\app\__init__.py:67]
2025-05-29 23:35:09,057 - app - DEBUG - Response: 200 OK [in E:\2024-2025\Kì 2\PBL5\greenhouse\backend\app\__init__.py:67]
2025-05-29 23:35:09,319 - app - DEBUG - Request: POST /api/devices/fan1/control [in E:\2024-2025\Kì 2\PBL5\greenhouse\backend\app\__init__.py:62]
2025-05-29 23:35:09,319 - app - DEBUG - Request: POST /api/devices/fan1/control [in E:\2024-2025\Kì 2\PBL5\greenhouse\backend\app\__init__.py:62]
2025-05-29 23:35:09,336 - app.api.sensors - ERROR - Error controlling device fan1: 'Connection' object has no attribute 'commit' [in E:\2024-2025\Kì 2\PBL5\greenhouse\backend\app\api\sensors.py:82]
2025-05-29 23:35:09,336 - app.api.sensors - ERROR - Error controlling device fan1: 'Connection' object has no attribute 'commit' [in E:\2024-2025\Kì 2\PBL5\greenhouse\backend\app\api\sensors.py:82]
2025-05-29 23:35:09,338 - app - DEBUG - Response: 500 INTERNAL SERVER ERROR [in E:\2024-2025\Kì 2\PBL5\greenhouse\backend\app\__init__.py:67]
2025-05-29 23:35:09,338 - app - DEBUG - Response: 500 INTERNAL SERVER ERROR [in E:\2024-2025\Kì 2\PBL5\greenhouse\backend\app\__init__.py:67]
2025-05-29 23:35:10,016 - app - DEBUG - Request: POST /api/devices/fan1/control [in E:\2024-2025\Kì 2\PBL5\greenhouse\backend\app\__init__.py:62]
2025-05-29 23:35:10,016 - app - DEBUG - Request: POST /api/devices/fan1/control [in E:\2024-2025\Kì 2\PBL5\greenhouse\backend\app\__init__.py:62]
2025-05-29 23:35:10,020 - app.api.sensors - ERROR - Error controlling device fan1: 'Connection' object has no attribute 'commit' [in E:\2024-2025\Kì 2\PBL5\greenhouse\backend\app\api\sensors.py:82]
2025-05-29 23:35:10,020 - app.api.sensors - ERROR - Error controlling device fan1: 'Connection' object has no attribute 'commit' [in E:\2024-2025\Kì 2\PBL5\greenhouse\backend\app\api\sensors.py:82]
2025-05-29 23:35:10,022 - app - DEBUG - Response: 500 INTERNAL SERVER ERROR [in E:\2024-2025\Kì 2\PBL5\greenhouse\backend\app\__init__.py:67]
2025-05-29 23:35:10,022 - app - DEBUG - Response: 500 INTERNAL SERVER ERROR [in E:\2024-2025\Kì 2\PBL5\greenhouse\backend\app\__init__.py:67]
2025-05-29 23:35:11,725 - app - DEBUG - Request: GET /api/sensors/latest [in E:\2024-2025\Kì 2\PBL5\greenhouse\backend\app\__init__.py:62]
2025-05-29 23:35:11,726 - app - DEBUG - Request: GET /api/alerts [in E:\2024-2025\Kì 2\PBL5\greenhouse\backend\app\__init__.py:62]
2025-05-29 23:35:11,727 - app - DEBUG - Request: GET /api/devices/status [in E:\2024-2025\Kì 2\PBL5\greenhouse\backend\app\__init__.py:62]
2025-05-29 23:35:11,725 - app - DEBUG - Request: GET /api/sensors/latest [in E:\2024-2025\Kì 2\PBL5\greenhouse\backend\app\__init__.py:62]
2025-05-29 23:35:11,726 - app - DEBUG - Request: GET /api/alerts [in E:\2024-2025\Kì 2\PBL5\greenhouse\backend\app\__init__.py:62]
2025-05-29 23:35:11,727 - app - DEBUG - Request: GET /api/devices/status [in E:\2024-2025\Kì 2\PBL5\greenhouse\backend\app\__init__.py:62]
2025-05-29 23:35:11,729 - app - DEBUG - Response: 200 OK [in E:\2024-2025\Kì 2\PBL5\greenhouse\backend\app\__init__.py:67]
2025-05-29 23:35:11,730 - app - DEBUG - Response: 200 OK [in E:\2024-2025\Kì 2\PBL5\greenhouse\backend\app\__init__.py:67]
2025-05-29 23:35:11,730 - app - DEBUG - Response: 200 OK [in E:\2024-2025\Kì 2\PBL5\greenhouse\backend\app\__init__.py:67]
2025-05-29 23:35:11,729 - app - DEBUG - Response: 200 OK [in E:\2024-2025\Kì 2\PBL5\greenhouse\backend\app\__init__.py:67]
2025-05-29 23:35:11,730 - app - DEBUG - Response: 200 OK [in E:\2024-2025\Kì 2\PBL5\greenhouse\backend\app\__init__.py:67]
2025-05-29 23:35:11,730 - app - DEBUG - Response: 200 OK [in E:\2024-2025\Kì 2\PBL5\greenhouse\backend\app\__init__.py:67]
2025-05-29 23:35:16,418 - app - DEBUG - Request: GET /api/sensors/latest [in E:\2024-2025\Kì 2\PBL5\greenhouse\backend\app\__init__.py:62]
2025-05-29 23:35:16,418 - app - DEBUG - Request: GET /api/sensors/latest [in E:\2024-2025\Kì 2\PBL5\greenhouse\backend\app\__init__.py:62]
2025-05-29 23:35:16,421 - app - DEBUG - Response: 200 OK [in E:\2024-2025\Kì 2\PBL5\greenhouse\backend\app\__init__.py:67]
2025-05-29 23:35:16,421 - app - DEBUG - Response: 200 OK [in E:\2024-2025\Kì 2\PBL5\greenhouse\backend\app\__init__.py:67]
2025-05-29 23:35:16,732 - app - DEBUG - Request: GET /api/devices/status [in E:\2024-2025\Kì 2\PBL5\greenhouse\backend\app\__init__.py:62]
2025-05-29 23:35:16,733 - app - DEBUG - Request: GET /api/alerts [in E:\2024-2025\Kì 2\PBL5\greenhouse\backend\app\__init__.py:62]
2025-05-29 23:35:16,732 - app - DEBUG - Request: GET /api/devices/status [in E:\2024-2025\Kì 2\PBL5\greenhouse\backend\app\__init__.py:62]
2025-05-29 23:35:16,733 - app - DEBUG - Request: GET /api/alerts [in E:\2024-2025\Kì 2\PBL5\greenhouse\backend\app\__init__.py:62]
2025-05-29 23:35:16,735 - app - DEBUG - Response: 200 OK [in E:\2024-2025\Kì 2\PBL5\greenhouse\backend\app\__init__.py:67]
2025-05-29 23:35:16,736 - app - DEBUG - Response: 200 OK [in E:\2024-2025\Kì 2\PBL5\greenhouse\backend\app\__init__.py:67]
2025-05-29 23:35:16,735 - app - DEBUG - Response: 200 OK [in E:\2024-2025\Kì 2\PBL5\greenhouse\backend\app\__init__.py:67]
2025-05-29 23:35:16,736 - app - DEBUG - Response: 200 OK [in E:\2024-2025\Kì 2\PBL5\greenhouse\backend\app\__init__.py:67]
2025-05-29 23:35:19,493 - app - DEBUG - Request: OPTIONS /api/devices/pump1/control [in E:\2024-2025\Kì 2\PBL5\greenhouse\backend\app\__init__.py:62]
2025-05-29 23:35:19,493 - app - DEBUG - Request: OPTIONS /api/devices/pump1/control [in E:\2024-2025\Kì 2\PBL5\greenhouse\backend\app\__init__.py:62]
2025-05-29 23:35:19,494 - app - DEBUG - Response: 200 OK [in E:\2024-2025\Kì 2\PBL5\greenhouse\backend\app\__init__.py:67]
2025-05-29 23:35:19,494 - app - DEBUG - Response: 200 OK [in E:\2024-2025\Kì 2\PBL5\greenhouse\backend\app\__init__.py:67]
2025-05-29 23:35:19,756 - app - DEBUG - Request: POST /api/devices/pump1/control [in E:\2024-2025\Kì 2\PBL5\greenhouse\backend\app\__init__.py:62]
2025-05-29 23:35:19,756 - app - DEBUG - Request: POST /api/devices/pump1/control [in E:\2024-2025\Kì 2\PBL5\greenhouse\backend\app\__init__.py:62]
2025-05-29 23:35:19,763 - app.api.sensors - ERROR - Error controlling device pump1: 'Connection' object has no attribute 'commit' [in E:\2024-2025\Kì 2\PBL5\greenhouse\backend\app\api\sensors.py:82]
2025-05-29 23:35:19,763 - app.api.sensors - ERROR - Error controlling device pump1: 'Connection' object has no attribute 'commit' [in E:\2024-2025\Kì 2\PBL5\greenhouse\backend\app\api\sensors.py:82]
2025-05-29 23:35:19,764 - app - DEBUG - Response: 500 INTERNAL SERVER ERROR [in E:\2024-2025\Kì 2\PBL5\greenhouse\backend\app\__init__.py:67]
2025-05-29 23:35:19,764 - app - DEBUG - Response: 500 INTERNAL SERVER ERROR [in E:\2024-2025\Kì 2\PBL5\greenhouse\backend\app\__init__.py:67]
2025-05-29 23:35:21,416 - app - DEBUG - Request: GET /api/sensors/latest [in E:\2024-2025\Kì 2\PBL5\greenhouse\backend\app\__init__.py:62]
2025-05-29 23:35:21,416 - app - DEBUG - Request: GET /api/sensors/latest [in E:\2024-2025\Kì 2\PBL5\greenhouse\backend\app\__init__.py:62]
2025-05-29 23:35:21,418 - app - DEBUG - Response: 200 OK [in E:\2024-2025\Kì 2\PBL5\greenhouse\backend\app\__init__.py:67]
2025-05-29 23:35:21,418 - app - DEBUG - Response: 200 OK [in E:\2024-2025\Kì 2\PBL5\greenhouse\backend\app\__init__.py:67]
2025-05-29 23:35:21,723 - app - DEBUG - Request: GET /api/devices/status [in E:\2024-2025\Kì 2\PBL5\greenhouse\backend\app\__init__.py:62]
2025-05-29 23:35:21,724 - app - DEBUG - Request: GET /api/alerts [in E:\2024-2025\Kì 2\PBL5\greenhouse\backend\app\__init__.py:62]
2025-05-29 23:35:21,723 - app - DEBUG - Request: GET /api/devices/status [in E:\2024-2025\Kì 2\PBL5\greenhouse\backend\app\__init__.py:62]
2025-05-29 23:35:21,724 - app - DEBUG - Request: GET /api/alerts [in E:\2024-2025\Kì 2\PBL5\greenhouse\backend\app\__init__.py:62]
2025-05-29 23:35:21,726 - app - DEBUG - Response: 200 OK [in E:\2024-2025\Kì 2\PBL5\greenhouse\backend\app\__init__.py:67]
2025-05-29 23:35:21,727 - app - DEBUG - Response: 200 OK [in E:\2024-2025\Kì 2\PBL5\greenhouse\backend\app\__init__.py:67]
2025-05-29 23:35:21,726 - app - DEBUG - Response: 200 OK [in E:\2024-2025\Kì 2\PBL5\greenhouse\backend\app\__init__.py:67]
2025-05-29 23:35:21,727 - app - DEBUG - Response: 200 OK [in E:\2024-2025\Kì 2\PBL5\greenhouse\backend\app\__init__.py:67]
2025-05-29 23:35:26,734 - app - DEBUG - Request: GET /api/sensors/latest [in E:\2024-2025\Kì 2\PBL5\greenhouse\backend\app\__init__.py:62]
2025-05-29 23:35:26,735 - app - DEBUG - Request: GET /api/devices/status [in E:\2024-2025\Kì 2\PBL5\greenhouse\backend\app\__init__.py:62]
2025-05-29 23:35:26,735 - app - DEBUG - Request: GET /api/alerts [in E:\2024-2025\Kì 2\PBL5\greenhouse\backend\app\__init__.py:62]
2025-05-29 23:35:26,734 - app - DEBUG - Request: GET /api/sensors/latest [in E:\2024-2025\Kì 2\PBL5\greenhouse\backend\app\__init__.py:62]
2025-05-29 23:35:26,735 - app - DEBUG - Request: GET /api/devices/status [in E:\2024-2025\Kì 2\PBL5\greenhouse\backend\app\__init__.py:62]
2025-05-29 23:35:26,735 - app - DEBUG - Request: GET /api/alerts [in E:\2024-2025\Kì 2\PBL5\greenhouse\backend\app\__init__.py:62]
2025-05-29 23:35:26,738 - app - DEBUG - Response: 200 OK [in E:\2024-2025\Kì 2\PBL5\greenhouse\backend\app\__init__.py:67]
2025-05-29 23:35:26,738 - app - DEBUG - Response: 200 OK [in E:\2024-2025\Kì 2\PBL5\greenhouse\backend\app\__init__.py:67]
2025-05-29 23:35:26,739 - app - DEBUG - Response: 200 OK [in E:\2024-2025\Kì 2\PBL5\greenhouse\backend\app\__init__.py:67]
2025-05-29 23:35:26,738 - app - DEBUG - Response: 200 OK [in E:\2024-2025\Kì 2\PBL5\greenhouse\backend\app\__init__.py:67]
2025-05-29 23:35:26,738 - app - DEBUG - Response: 200 OK [in E:\2024-2025\Kì 2\PBL5\greenhouse\backend\app\__init__.py:67]
2025-05-29 23:35:26,739 - app - DEBUG - Response: 200 OK [in E:\2024-2025\Kì 2\PBL5\greenhouse\backend\app\__init__.py:67]
2025-05-29 23:35:31,423 - app - DEBUG - Request: GET /api/sensors/latest [in E:\2024-2025\Kì 2\PBL5\greenhouse\backend\app\__init__.py:62]
2025-05-29 23:35:31,423 - app - DEBUG - Request: GET /api/sensors/latest [in E:\2024-2025\Kì 2\PBL5\greenhouse\backend\app\__init__.py:62]
2025-05-29 23:35:31,425 - app - DEBUG - Response: 200 OK [in E:\2024-2025\Kì 2\PBL5\greenhouse\backend\app\__init__.py:67]
2025-05-29 23:35:31,425 - app - DEBUG - Response: 200 OK [in E:\2024-2025\Kì 2\PBL5\greenhouse\backend\app\__init__.py:67]
2025-05-29 23:35:31,734 - app - DEBUG - Request: GET /api/devices/status [in E:\2024-2025\Kì 2\PBL5\greenhouse\backend\app\__init__.py:62]
2025-05-29 23:35:31,735 - app - DEBUG - Request: GET /api/alerts [in E:\2024-2025\Kì 2\PBL5\greenhouse\backend\app\__init__.py:62]
2025-05-29 23:35:31,734 - app - DEBUG - Request: GET /api/devices/status [in E:\2024-2025\Kì 2\PBL5\greenhouse\backend\app\__init__.py:62]
2025-05-29 23:35:31,735 - app - DEBUG - Request: GET /api/alerts [in E:\2024-2025\Kì 2\PBL5\greenhouse\backend\app\__init__.py:62]
2025-05-29 23:35:31,737 - app - DEBUG - Response: 200 OK [in E:\2024-2025\Kì 2\PBL5\greenhouse\backend\app\__init__.py:67]
2025-05-29 23:35:31,738 - app - DEBUG - Response: 200 OK [in E:\2024-2025\Kì 2\PBL5\greenhouse\backend\app\__init__.py:67]
2025-05-29 23:35:31,737 - app - DEBUG - Response: 200 OK [in E:\2024-2025\Kì 2\PBL5\greenhouse\backend\app\__init__.py:67]
2025-05-29 23:35:31,738 - app - DEBUG - Response: 200 OK [in E:\2024-2025\Kì 2\PBL5\greenhouse\backend\app\__init__.py:67]
2025-05-29 23:35:36,735 - app - DEBUG - Request: GET /api/sensors/latest [in E:\2024-2025\Kì 2\PBL5\greenhouse\backend\app\__init__.py:62]
2025-05-29 23:35:36,735 - app - DEBUG - Request: GET /api/alerts [in E:\2024-2025\Kì 2\PBL5\greenhouse\backend\app\__init__.py:62]
2025-05-29 23:35:36,736 - app - DEBUG - Request: GET /api/devices/status [in E:\2024-2025\Kì 2\PBL5\greenhouse\backend\app\__init__.py:62]
2025-05-29 23:35:36,735 - app - DEBUG - Request: GET /api/sensors/latest [in E:\2024-2025\Kì 2\PBL5\greenhouse\backend\app\__init__.py:62]
2025-05-29 23:35:36,735 - app - DEBUG - Request: GET /api/alerts [in E:\2024-2025\Kì 2\PBL5\greenhouse\backend\app\__init__.py:62]
2025-05-29 23:35:36,736 - app - DEBUG - Request: GET /api/devices/status [in E:\2024-2025\Kì 2\PBL5\greenhouse\backend\app\__init__.py:62]
2025-05-29 23:35:36,739 - app - DEBUG - Response: 200 OK [in E:\2024-2025\Kì 2\PBL5\greenhouse\backend\app\__init__.py:67]
2025-05-29 23:35:36,739 - app - DEBUG - Response: 200 OK [in E:\2024-2025\Kì 2\PBL5\greenhouse\backend\app\__init__.py:67]
2025-05-29 23:35:36,739 - app - DEBUG - Response: 200 OK [in E:\2024-2025\Kì 2\PBL5\greenhouse\backend\app\__init__.py:67]
2025-05-29 23:35:36,739 - app - DEBUG - Response: 200 OK [in E:\2024-2025\Kì 2\PBL5\greenhouse\backend\app\__init__.py:67]
2025-05-29 23:35:36,739 - app - DEBUG - Response: 200 OK [in E:\2024-2025\Kì 2\PBL5\greenhouse\backend\app\__init__.py:67]
2025-05-29 23:35:36,739 - app - DEBUG - Response: 200 OK [in E:\2024-2025\Kì 2\PBL5\greenhouse\backend\app\__init__.py:67]
2025-05-29 23:35:41,428 - app - DEBUG - Request: GET /api/sensors/latest [in E:\2024-2025\Kì 2\PBL5\greenhouse\backend\app\__init__.py:62]
2025-05-29 23:35:41,428 - app - DEBUG - Request: GET /api/sensors/latest [in E:\2024-2025\Kì 2\PBL5\greenhouse\backend\app\__init__.py:62]
2025-05-29 23:35:41,430 - app - DEBUG - Response: 200 OK [in E:\2024-2025\Kì 2\PBL5\greenhouse\backend\app\__init__.py:67]
2025-05-29 23:35:41,430 - app - DEBUG - Response: 200 OK [in E:\2024-2025\Kì 2\PBL5\greenhouse\backend\app\__init__.py:67]
2025-05-29 23:35:41,732 - app - DEBUG - Request: GET /api/devices/status [in E:\2024-2025\Kì 2\PBL5\greenhouse\backend\app\__init__.py:62]
2025-05-29 23:35:41,733 - app - DEBUG - Request: GET /api/alerts [in E:\2024-2025\Kì 2\PBL5\greenhouse\backend\app\__init__.py:62]
2025-05-29 23:35:41,732 - app - DEBUG - Request: GET /api/devices/status [in E:\2024-2025\Kì 2\PBL5\greenhouse\backend\app\__init__.py:62]
2025-05-29 23:35:41,733 - app - DEBUG - Request: GET /api/alerts [in E:\2024-2025\Kì 2\PBL5\greenhouse\backend\app\__init__.py:62]
2025-05-29 23:35:41,735 - app - DEBUG - Response: 200 OK [in E:\2024-2025\Kì 2\PBL5\greenhouse\backend\app\__init__.py:67]
2025-05-29 23:35:41,735 - app - DEBUG - Response: 200 OK [in E:\2024-2025\Kì 2\PBL5\greenhouse\backend\app\__init__.py:67]
2025-05-29 23:35:41,735 - app - DEBUG - Response: 200 OK [in E:\2024-2025\Kì 2\PBL5\greenhouse\backend\app\__init__.py:67]
2025-05-29 23:35:41,735 - app - DEBUG - Response: 200 OK [in E:\2024-2025\Kì 2\PBL5\greenhouse\backend\app\__init__.py:67]
2025-05-29 23:35:46,723 - app - DEBUG - Request: GET /api/sensors/latest [in E:\2024-2025\Kì 2\PBL5\greenhouse\backend\app\__init__.py:62]
2025-05-29 23:35:46,724 - app - DEBUG - Request: GET /api/devices/status [in E:\2024-2025\Kì 2\PBL5\greenhouse\backend\app\__init__.py:62]
2025-05-29 23:35:46,724 - app - DEBUG - Request: GET /api/alerts [in E:\2024-2025\Kì 2\PBL5\greenhouse\backend\app\__init__.py:62]
2025-05-29 23:35:46,723 - app - DEBUG - Request: GET /api/sensors/latest [in E:\2024-2025\Kì 2\PBL5\greenhouse\backend\app\__init__.py:62]
2025-05-29 23:35:46,724 - app - DEBUG - Request: GET /api/devices/status [in E:\2024-2025\Kì 2\PBL5\greenhouse\backend\app\__init__.py:62]
2025-05-29 23:35:46,724 - app - DEBUG - Request: GET /api/alerts [in E:\2024-2025\Kì 2\PBL5\greenhouse\backend\app\__init__.py:62]
2025-05-29 23:35:46,727 - app - DEBUG - Response: 200 OK [in E:\2024-2025\Kì 2\PBL5\greenhouse\backend\app\__init__.py:67]
2025-05-29 23:35:46,727 - app - DEBUG - Response: 200 OK [in E:\2024-2025\Kì 2\PBL5\greenhouse\backend\app\__init__.py:67]
2025-05-29 23:35:46,728 - app - DEBUG - Response: 200 OK [in E:\2024-2025\Kì 2\PBL5\greenhouse\backend\app\__init__.py:67]
2025-05-29 23:35:46,727 - app - DEBUG - Response: 200 OK [in E:\2024-2025\Kì 2\PBL5\greenhouse\backend\app\__init__.py:67]
2025-05-29 23:35:46,727 - app - DEBUG - Response: 200 OK [in E:\2024-2025\Kì 2\PBL5\greenhouse\backend\app\__init__.py:67]
2025-05-29 23:35:46,728 - app - DEBUG - Response: 200 OK [in E:\2024-2025\Kì 2\PBL5\greenhouse\backend\app\__init__.py:67]
2025-05-29 23:35:51,421 - app - DEBUG - Request: GET /api/sensors/latest [in E:\2024-2025\Kì 2\PBL5\greenhouse\backend\app\__init__.py:62]
2025-05-29 23:35:51,421 - app - DEBUG - Request: GET /api/sensors/latest [in E:\2024-2025\Kì 2\PBL5\greenhouse\backend\app\__init__.py:62]
2025-05-29 23:35:51,423 - app - DEBUG - Response: 200 OK [in E:\2024-2025\Kì 2\PBL5\greenhouse\backend\app\__init__.py:67]
2025-05-29 23:35:51,423 - app - DEBUG - Response: 200 OK [in E:\2024-2025\Kì 2\PBL5\greenhouse\backend\app\__init__.py:67]
2025-05-29 23:35:51,726 - app - DEBUG - Request: GET /api/devices/status [in E:\2024-2025\Kì 2\PBL5\greenhouse\backend\app\__init__.py:62]
2025-05-29 23:35:51,727 - app - DEBUG - Request: GET /api/alerts [in E:\2024-2025\Kì 2\PBL5\greenhouse\backend\app\__init__.py:62]
2025-05-29 23:35:51,726 - app - DEBUG - Request: GET /api/devices/status [in E:\2024-2025\Kì 2\PBL5\greenhouse\backend\app\__init__.py:62]
2025-05-29 23:35:51,727 - app - DEBUG - Request: GET /api/alerts [in E:\2024-2025\Kì 2\PBL5\greenhouse\backend\app\__init__.py:62]
2025-05-29 23:35:51,729 - app - DEBUG - Response: 200 OK [in E:\2024-2025\Kì 2\PBL5\greenhouse\backend\app\__init__.py:67]
2025-05-29 23:35:51,729 - app - DEBUG - Response: 200 OK [in E:\2024-2025\Kì 2\PBL5\greenhouse\backend\app\__init__.py:67]
2025-05-29 23:35:51,729 - app - DEBUG - Response: 200 OK [in E:\2024-2025\Kì 2\PBL5\greenhouse\backend\app\__init__.py:67]
2025-05-29 23:35:51,729 - app - DEBUG - Response: 200 OK [in E:\2024-2025\Kì 2\PBL5\greenhouse\backend\app\__init__.py:67]
2025-05-29 23:35:56,726 - app - DEBUG - Request: GET /api/sensors/latest [in E:\2024-2025\Kì 2\PBL5\greenhouse\backend\app\__init__.py:62]
2025-05-29 23:35:56,726 - app - DEBUG - Request: GET /api/alerts [in E:\2024-2025\Kì 2\PBL5\greenhouse\backend\app\__init__.py:62]
2025-05-29 23:35:56,727 - app - DEBUG - Request: GET /api/devices/status [in E:\2024-2025\Kì 2\PBL5\greenhouse\backend\app\__init__.py:62]
2025-05-29 23:35:56,726 - app - DEBUG - Request: GET /api/sensors/latest [in E:\2024-2025\Kì 2\PBL5\greenhouse\backend\app\__init__.py:62]
2025-05-29 23:35:56,726 - app - DEBUG - Request: GET /api/alerts [in E:\2024-2025\Kì 2\PBL5\greenhouse\backend\app\__init__.py:62]
2025-05-29 23:35:56,727 - app - DEBUG - Request: GET /api/devices/status [in E:\2024-2025\Kì 2\PBL5\greenhouse\backend\app\__init__.py:62]
2025-05-29 23:35:56,729 - app - DEBUG - Response: 200 OK [in E:\2024-2025\Kì 2\PBL5\greenhouse\backend\app\__init__.py:67]
2025-05-29 23:35:56,730 - app - DEBUG - Response: 200 OK [in E:\2024-2025\Kì 2\PBL5\greenhouse\backend\app\__init__.py:67]
2025-05-29 23:35:56,730 - app - DEBUG - Response: 200 OK [in E:\2024-2025\Kì 2\PBL5\greenhouse\backend\app\__init__.py:67]
2025-05-29 23:35:56,729 - app - DEBUG - Response: 200 OK [in E:\2024-2025\Kì 2\PBL5\greenhouse\backend\app\__init__.py:67]
2025-05-29 23:35:56,730 - app - DEBUG - Response: 200 OK [in E:\2024-2025\Kì 2\PBL5\greenhouse\backend\app\__init__.py:67]
2025-05-29 23:35:56,730 - app - DEBUG - Response: 200 OK [in E:\2024-2025\Kì 2\PBL5\greenhouse\backend\app\__init__.py:67]
2025-05-29 23:36:01,424 - app - DEBUG - Request: GET /api/sensors/latest [in E:\2024-2025\Kì 2\PBL5\greenhouse\backend\app\__init__.py:62]
2025-05-29 23:36:01,424 - app - DEBUG - Request: GET /api/sensors/latest [in E:\2024-2025\Kì 2\PBL5\greenhouse\backend\app\__init__.py:62]
2025-05-29 23:36:01,427 - app - DEBUG - Response: 200 OK [in E:\2024-2025\Kì 2\PBL5\greenhouse\backend\app\__init__.py:67]
2025-05-29 23:36:01,427 - app - DEBUG - Response: 200 OK [in E:\2024-2025\Kì 2\PBL5\greenhouse\backend\app\__init__.py:67]
2025-05-29 23:36:01,728 - app - DEBUG - Request: GET /api/devices/status [in E:\2024-2025\Kì 2\PBL5\greenhouse\backend\app\__init__.py:62]
2025-05-29 23:36:01,728 - app - DEBUG - Request: GET /api/alerts [in E:\2024-2025\Kì 2\PBL5\greenhouse\backend\app\__init__.py:62]
2025-05-29 23:36:01,728 - app - DEBUG - Request: GET /api/devices/status [in E:\2024-2025\Kì 2\PBL5\greenhouse\backend\app\__init__.py:62]
2025-05-29 23:36:01,728 - app - DEBUG - Request: GET /api/alerts [in E:\2024-2025\Kì 2\PBL5\greenhouse\backend\app\__init__.py:62]
2025-05-29 23:36:01,731 - app - DEBUG - Response: 200 OK [in E:\2024-2025\Kì 2\PBL5\greenhouse\backend\app\__init__.py:67]
2025-05-29 23:36:01,731 - app - DEBUG - Response: 200 OK [in E:\2024-2025\Kì 2\PBL5\greenhouse\backend\app\__init__.py:67]
2025-05-29 23:36:01,731 - app - DEBUG - Response: 200 OK [in E:\2024-2025\Kì 2\PBL5\greenhouse\backend\app\__init__.py:67]
2025-05-29 23:36:01,731 - app - DEBUG - Response: 200 OK [in E:\2024-2025\Kì 2\PBL5\greenhouse\backend\app\__init__.py:67]
2025-05-29 23:36:06,726 - app - DEBUG - Request: GET /api/sensors/latest [in E:\2024-2025\Kì 2\PBL5\greenhouse\backend\app\__init__.py:62]
2025-05-29 23:36:06,726 - app - DEBUG - Request: GET /api/alerts [in E:\2024-2025\Kì 2\PBL5\greenhouse\backend\app\__init__.py:62]
2025-05-29 23:36:06,727 - app - DEBUG - Request: GET /api/devices/status [in E:\2024-2025\Kì 2\PBL5\greenhouse\backend\app\__init__.py:62]
2025-05-29 23:36:06,726 - app - DEBUG - Request: GET /api/sensors/latest [in E:\2024-2025\Kì 2\PBL5\greenhouse\backend\app\__init__.py:62]
2025-05-29 23:36:06,726 - app - DEBUG - Request: GET /api/alerts [in E:\2024-2025\Kì 2\PBL5\greenhouse\backend\app\__init__.py:62]
2025-05-29 23:36:06,727 - app - DEBUG - Request: GET /api/devices/status [in E:\2024-2025\Kì 2\PBL5\greenhouse\backend\app\__init__.py:62]
2025-05-29 23:36:06,729 - app - DEBUG - Response: 200 OK [in E:\2024-2025\Kì 2\PBL5\greenhouse\backend\app\__init__.py:67]
2025-05-29 23:36:06,730 - app - DEBUG - Response: 200 OK [in E:\2024-2025\Kì 2\PBL5\greenhouse\backend\app\__init__.py:67]
2025-05-29 23:36:06,730 - app - DEBUG - Response: 200 OK [in E:\2024-2025\Kì 2\PBL5\greenhouse\backend\app\__init__.py:67]
2025-05-29 23:36:06,729 - app - DEBUG - Response: 200 OK [in E:\2024-2025\Kì 2\PBL5\greenhouse\backend\app\__init__.py:67]
2025-05-29 23:36:06,730 - app - DEBUG - Response: 200 OK [in E:\2024-2025\Kì 2\PBL5\greenhouse\backend\app\__init__.py:67]
2025-05-29 23:36:06,730 - app - DEBUG - Response: 200 OK [in E:\2024-2025\Kì 2\PBL5\greenhouse\backend\app\__init__.py:67]
2025-05-29 23:36:11,425 - app - DEBUG - Request: GET /api/sensors/latest [in E:\2024-2025\Kì 2\PBL5\greenhouse\backend\app\__init__.py:62]
2025-05-29 23:36:11,425 - app - DEBUG - Request: GET /api/sensors/latest [in E:\2024-2025\Kì 2\PBL5\greenhouse\backend\app\__init__.py:62]
2025-05-29 23:36:11,428 - app - DEBUG - Response: 200 OK [in E:\2024-2025\Kì 2\PBL5\greenhouse\backend\app\__init__.py:67]
2025-05-29 23:36:11,428 - app - DEBUG - Response: 200 OK [in E:\2024-2025\Kì 2\PBL5\greenhouse\backend\app\__init__.py:67]
2025-05-29 23:36:11,731 - app - DEBUG - Request: GET /api/devices/status [in E:\2024-2025\Kì 2\PBL5\greenhouse\backend\app\__init__.py:62]
2025-05-29 23:36:11,731 - app - DEBUG - Request: GET /api/alerts [in E:\2024-2025\Kì 2\PBL5\greenhouse\backend\app\__init__.py:62]
2025-05-29 23:36:11,731 - app - DEBUG - Request: GET /api/devices/status [in E:\2024-2025\Kì 2\PBL5\greenhouse\backend\app\__init__.py:62]
2025-05-29 23:36:11,731 - app - DEBUG - Request: GET /api/alerts [in E:\2024-2025\Kì 2\PBL5\greenhouse\backend\app\__init__.py:62]
2025-05-29 23:36:11,733 - app - DEBUG - Response: 200 OK [in E:\2024-2025\Kì 2\PBL5\greenhouse\backend\app\__init__.py:67]
2025-05-29 23:36:11,734 - app - DEBUG - Response: 200 OK [in E:\2024-2025\Kì 2\PBL5\greenhouse\backend\app\__init__.py:67]
2025-05-29 23:36:11,733 - app - DEBUG - Response: 200 OK [in E:\2024-2025\Kì 2\PBL5\greenhouse\backend\app\__init__.py:67]
2025-05-29 23:36:11,734 - app - DEBUG - Response: 200 OK [in E:\2024-2025\Kì 2\PBL5\greenhouse\backend\app\__init__.py:67]
2025-05-29 23:36:16,736 - app - DEBUG - Request: GET /api/sensors/latest [in E:\2024-2025\Kì 2\PBL5\greenhouse\backend\app\__init__.py:62]
2025-05-29 23:36:16,736 - app - DEBUG - Request: GET /api/alerts [in E:\2024-2025\Kì 2\PBL5\greenhouse\backend\app\__init__.py:62]
2025-05-29 23:36:16,737 - app - DEBUG - Request: GET /api/devices/status [in E:\2024-2025\Kì 2\PBL5\greenhouse\backend\app\__init__.py:62]
2025-05-29 23:36:16,736 - app - DEBUG - Request: GET /api/sensors/latest [in E:\2024-2025\Kì 2\PBL5\greenhouse\backend\app\__init__.py:62]
2025-05-29 23:36:16,736 - app - DEBUG - Request: GET /api/alerts [in E:\2024-2025\Kì 2\PBL5\greenhouse\backend\app\__init__.py:62]
2025-05-29 23:36:16,737 - app - DEBUG - Request: GET /api/devices/status [in E:\2024-2025\Kì 2\PBL5\greenhouse\backend\app\__init__.py:62]
2025-05-29 23:36:16,739 - app - DEBUG - Response: 200 OK [in E:\2024-2025\Kì 2\PBL5\greenhouse\backend\app\__init__.py:67]
2025-05-29 23:36:16,740 - app - DEBUG - Response: 200 OK [in E:\2024-2025\Kì 2\PBL5\greenhouse\backend\app\__init__.py:67]
2025-05-29 23:36:16,739 - app - DEBUG - Response: 200 OK [in E:\2024-2025\Kì 2\PBL5\greenhouse\backend\app\__init__.py:67]
2025-05-29 23:36:16,740 - app - DEBUG - Response: 200 OK [in E:\2024-2025\Kì 2\PBL5\greenhouse\backend\app\__init__.py:67]
2025-05-29 23:36:16,740 - app - DEBUG - Response: 200 OK [in E:\2024-2025\Kì 2\PBL5\greenhouse\backend\app\__init__.py:67]
2025-05-29 23:36:16,740 - app - DEBUG - Response: 200 OK [in E:\2024-2025\Kì 2\PBL5\greenhouse\backend\app\__init__.py:67]
2025-05-29 23:36:21,424 - app - DEBUG - Request: GET /api/sensors/latest [in E:\2024-2025\Kì 2\PBL5\greenhouse\backend\app\__init__.py:62]
2025-05-29 23:36:21,424 - app - DEBUG - Request: GET /api/sensors/latest [in E:\2024-2025\Kì 2\PBL5\greenhouse\backend\app\__init__.py:62]
2025-05-29 23:36:21,427 - app - DEBUG - Response: 200 OK [in E:\2024-2025\Kì 2\PBL5\greenhouse\backend\app\__init__.py:67]
2025-05-29 23:36:21,427 - app - DEBUG - Response: 200 OK [in E:\2024-2025\Kì 2\PBL5\greenhouse\backend\app\__init__.py:67]
2025-05-29 23:36:21,730 - app - DEBUG - Request: GET /api/devices/status [in E:\2024-2025\Kì 2\PBL5\greenhouse\backend\app\__init__.py:62]
2025-05-29 23:36:21,731 - app - DEBUG - Request: GET /api/alerts [in E:\2024-2025\Kì 2\PBL5\greenhouse\backend\app\__init__.py:62]
2025-05-29 23:36:21,730 - app - DEBUG - Request: GET /api/devices/status [in E:\2024-2025\Kì 2\PBL5\greenhouse\backend\app\__init__.py:62]
2025-05-29 23:36:21,731 - app - DEBUG - Request: GET /api/alerts [in E:\2024-2025\Kì 2\PBL5\greenhouse\backend\app\__init__.py:62]
2025-05-29 23:36:21,733 - app - DEBUG - Response: 200 OK [in E:\2024-2025\Kì 2\PBL5\greenhouse\backend\app\__init__.py:67]
2025-05-29 23:36:21,733 - app - DEBUG - Response: 200 OK [in E:\2024-2025\Kì 2\PBL5\greenhouse\backend\app\__init__.py:67]
2025-05-29 23:36:21,733 - app - DEBUG - Response: 200 OK [in E:\2024-2025\Kì 2\PBL5\greenhouse\backend\app\__init__.py:67]
2025-05-29 23:36:21,733 - app - DEBUG - Response: 200 OK [in E:\2024-2025\Kì 2\PBL5\greenhouse\backend\app\__init__.py:67]
2025-05-29 23:36:26,730 - app - DEBUG - Request: GET /api/sensors/latest [in E:\2024-2025\Kì 2\PBL5\greenhouse\backend\app\__init__.py:62]
2025-05-29 23:36:26,730 - app - DEBUG - Request: GET /api/devices/status [in E:\2024-2025\Kì 2\PBL5\greenhouse\backend\app\__init__.py:62]
2025-05-29 23:36:26,730 - app - DEBUG - Request: GET /api/alerts [in E:\2024-2025\Kì 2\PBL5\greenhouse\backend\app\__init__.py:62]
2025-05-29 23:36:26,730 - app - DEBUG - Request: GET /api/sensors/latest [in E:\2024-2025\Kì 2\PBL5\greenhouse\backend\app\__init__.py:62]
2025-05-29 23:36:26,730 - app - DEBUG - Request: GET /api/devices/status [in E:\2024-2025\Kì 2\PBL5\greenhouse\backend\app\__init__.py:62]
2025-05-29 23:36:26,730 - app - DEBUG - Request: GET /api/alerts [in E:\2024-2025\Kì 2\PBL5\greenhouse\backend\app\__init__.py:62]
2025-05-29 23:36:26,733 - app - DEBUG - Response: 200 OK [in E:\2024-2025\Kì 2\PBL5\greenhouse\backend\app\__init__.py:67]
2025-05-29 23:36:26,733 - app - DEBUG - Response: 200 OK [in E:\2024-2025\Kì 2\PBL5\greenhouse\backend\app\__init__.py:67]
2025-05-29 23:36:26,734 - app - DEBUG - Response: 200 OK [in E:\2024-2025\Kì 2\PBL5\greenhouse\backend\app\__init__.py:67]
2025-05-29 23:36:26,733 - app - DEBUG - Response: 200 OK [in E:\2024-2025\Kì 2\PBL5\greenhouse\backend\app\__init__.py:67]
2025-05-29 23:36:26,733 - app - DEBUG - Response: 200 OK [in E:\2024-2025\Kì 2\PBL5\greenhouse\backend\app\__init__.py:67]
2025-05-29 23:36:26,734 - app - DEBUG - Response: 200 OK [in E:\2024-2025\Kì 2\PBL5\greenhouse\backend\app\__init__.py:67]
2025-05-29 23:36:31,423 - app - DEBUG - Request: GET /api/sensors/latest [in E:\2024-2025\Kì 2\PBL5\greenhouse\backend\app\__init__.py:62]
2025-05-29 23:36:31,423 - app - DEBUG - Request: GET /api/sensors/latest [in E:\2024-2025\Kì 2\PBL5\greenhouse\backend\app\__init__.py:62]
2025-05-29 23:36:31,425 - app - DEBUG - Response: 200 OK [in E:\2024-2025\Kì 2\PBL5\greenhouse\backend\app\__init__.py:67]
2025-05-29 23:36:31,425 - app - DEBUG - Response: 200 OK [in E:\2024-2025\Kì 2\PBL5\greenhouse\backend\app\__init__.py:67]
2025-05-29 23:36:31,729 - app - DEBUG - Request: GET /api/devices/status [in E:\2024-2025\Kì 2\PBL5\greenhouse\backend\app\__init__.py:62]
2025-05-29 23:36:31,730 - app - DEBUG - Request: GET /api/alerts [in E:\2024-2025\Kì 2\PBL5\greenhouse\backend\app\__init__.py:62]
2025-05-29 23:36:31,729 - app - DEBUG - Request: GET /api/devices/status [in E:\2024-2025\Kì 2\PBL5\greenhouse\backend\app\__init__.py:62]
2025-05-29 23:36:31,730 - app - DEBUG - Request: GET /api/alerts [in E:\2024-2025\Kì 2\PBL5\greenhouse\backend\app\__init__.py:62]
2025-05-29 23:36:31,732 - app - DEBUG - Response: 200 OK [in E:\2024-2025\Kì 2\PBL5\greenhouse\backend\app\__init__.py:67]
2025-05-29 23:36:31,732 - app - DEBUG - Response: 200 OK [in E:\2024-2025\Kì 2\PBL5\greenhouse\backend\app\__init__.py:67]
2025-05-29 23:36:31,732 - app - DEBUG - Response: 200 OK [in E:\2024-2025\Kì 2\PBL5\greenhouse\backend\app\__init__.py:67]
2025-05-29 23:36:31,732 - app - DEBUG - Response: 200 OK [in E:\2024-2025\Kì 2\PBL5\greenhouse\backend\app\__init__.py:67]
2025-05-29 23:36:36,734 - app - DEBUG - Request: GET /api/sensors/latest [in E:\2024-2025\Kì 2\PBL5\greenhouse\backend\app\__init__.py:62]
2025-05-29 23:36:36,735 - app - DEBUG - Request: GET /api/alerts [in E:\2024-2025\Kì 2\PBL5\greenhouse\backend\app\__init__.py:62]
2025-05-29 23:36:36,736 - app - DEBUG - Request: GET /api/devices/status [in E:\2024-2025\Kì 2\PBL5\greenhouse\backend\app\__init__.py:62]
2025-05-29 23:36:36,734 - app - DEBUG - Request: GET /api/sensors/latest [in E:\2024-2025\Kì 2\PBL5\greenhouse\backend\app\__init__.py:62]
2025-05-29 23:36:36,735 - app - DEBUG - Request: GET /api/alerts [in E:\2024-2025\Kì 2\PBL5\greenhouse\backend\app\__init__.py:62]
2025-05-29 23:36:36,736 - app - DEBUG - Request: GET /api/devices/status [in E:\2024-2025\Kì 2\PBL5\greenhouse\backend\app\__init__.py:62]
2025-05-29 23:36:36,738 - app - DEBUG - Response: 200 OK [in E:\2024-2025\Kì 2\PBL5\greenhouse\backend\app\__init__.py:67]
2025-05-29 23:36:36,739 - app - DEBUG - Response: 200 OK [in E:\2024-2025\Kì 2\PBL5\greenhouse\backend\app\__init__.py:67]
2025-05-29 23:36:36,739 - app - DEBUG - Response: 200 OK [in E:\2024-2025\Kì 2\PBL5\greenhouse\backend\app\__init__.py:67]
2025-05-29 23:36:36,738 - app - DEBUG - Response: 200 OK [in E:\2024-2025\Kì 2\PBL5\greenhouse\backend\app\__init__.py:67]
2025-05-29 23:36:36,739 - app - DEBUG - Response: 200 OK [in E:\2024-2025\Kì 2\PBL5\greenhouse\backend\app\__init__.py:67]
2025-05-29 23:36:36,739 - app - DEBUG - Response: 200 OK [in E:\2024-2025\Kì 2\PBL5\greenhouse\backend\app\__init__.py:67]
2025-05-29 23:36:41,417 - app - DEBUG - Request: GET /api/sensors/latest [in E:\2024-2025\Kì 2\PBL5\greenhouse\backend\app\__init__.py:62]
2025-05-29 23:36:41,417 - app - DEBUG - Request: GET /api/sensors/latest [in E:\2024-2025\Kì 2\PBL5\greenhouse\backend\app\__init__.py:62]
2025-05-29 23:36:41,419 - app - DEBUG - Response: 200 OK [in E:\2024-2025\Kì 2\PBL5\greenhouse\backend\app\__init__.py:67]
2025-05-29 23:36:41,419 - app - DEBUG - Response: 200 OK [in E:\2024-2025\Kì 2\PBL5\greenhouse\backend\app\__init__.py:67]
2025-05-29 23:36:41,723 - app - DEBUG - Request: GET /api/devices/status [in E:\2024-2025\Kì 2\PBL5\greenhouse\backend\app\__init__.py:62]
2025-05-29 23:36:41,724 - app - DEBUG - Request: GET /api/alerts [in E:\2024-2025\Kì 2\PBL5\greenhouse\backend\app\__init__.py:62]
2025-05-29 23:36:41,723 - app - DEBUG - Request: GET /api/devices/status [in E:\2024-2025\Kì 2\PBL5\greenhouse\backend\app\__init__.py:62]
2025-05-29 23:36:41,724 - app - DEBUG - Request: GET /api/alerts [in E:\2024-2025\Kì 2\PBL5\greenhouse\backend\app\__init__.py:62]
2025-05-29 23:36:41,726 - app - DEBUG - Response: 200 OK [in E:\2024-2025\Kì 2\PBL5\greenhouse\backend\app\__init__.py:67]
2025-05-29 23:36:41,726 - app - DEBUG - Response: 200 OK [in E:\2024-2025\Kì 2\PBL5\greenhouse\backend\app\__init__.py:67]
2025-05-29 23:36:41,726 - app - DEBUG - Response: 200 OK [in E:\2024-2025\Kì 2\PBL5\greenhouse\backend\app\__init__.py:67]
2025-05-29 23:36:41,726 - app - DEBUG - Response: 200 OK [in E:\2024-2025\Kì 2\PBL5\greenhouse\backend\app\__init__.py:67]
2025-05-29 23:36:46,725 - app - DEBUG - Request: GET /api/sensors/latest [in E:\2024-2025\Kì 2\PBL5\greenhouse\backend\app\__init__.py:62]
2025-05-29 23:36:46,726 - app - DEBUG - Request: GET /api/devices/status [in E:\2024-2025\Kì 2\PBL5\greenhouse\backend\app\__init__.py:62]
2025-05-29 23:36:46,726 - app - DEBUG - Request: GET /api/alerts [in E:\2024-2025\Kì 2\PBL5\greenhouse\backend\app\__init__.py:62]
2025-05-29 23:36:46,725 - app - DEBUG - Request: GET /api/sensors/latest [in E:\2024-2025\Kì 2\PBL5\greenhouse\backend\app\__init__.py:62]
2025-05-29 23:36:46,726 - app - DEBUG - Request: GET /api/devices/status [in E:\2024-2025\Kì 2\PBL5\greenhouse\backend\app\__init__.py:62]
2025-05-29 23:36:46,726 - app - DEBUG - Request: GET /api/alerts [in E:\2024-2025\Kì 2\PBL5\greenhouse\backend\app\__init__.py:62]
2025-05-29 23:36:46,730 - app - DEBUG - Response: 200 OK [in E:\2024-2025\Kì 2\PBL5\greenhouse\backend\app\__init__.py:67]
2025-05-29 23:36:46,730 - app - DEBUG - Response: 200 OK [in E:\2024-2025\Kì 2\PBL5\greenhouse\backend\app\__init__.py:67]
2025-05-29 23:36:46,730 - app - DEBUG - Response: 200 OK [in E:\2024-2025\Kì 2\PBL5\greenhouse\backend\app\__init__.py:67]
2025-05-29 23:36:46,730 - app - DEBUG - Response: 200 OK [in E:\2024-2025\Kì 2\PBL5\greenhouse\backend\app\__init__.py:67]
2025-05-29 23:36:46,730 - app - DEBUG - Response: 200 OK [in E:\2024-2025\Kì 2\PBL5\greenhouse\backend\app\__init__.py:67]
2025-05-29 23:36:46,730 - app - DEBUG - Response: 200 OK [in E:\2024-2025\Kì 2\PBL5\greenhouse\backend\app\__init__.py:67]
2025-05-29 23:36:51,426 - app - DEBUG - Request: GET /api/sensors/latest [in E:\2024-2025\Kì 2\PBL5\greenhouse\backend\app\__init__.py:62]
2025-05-29 23:36:51,426 - app - DEBUG - Request: GET /api/sensors/latest [in E:\2024-2025\Kì 2\PBL5\greenhouse\backend\app\__init__.py:62]
2025-05-29 23:36:51,428 - app - DEBUG - Response: 200 OK [in E:\2024-2025\Kì 2\PBL5\greenhouse\backend\app\__init__.py:67]
2025-05-29 23:36:51,428 - app - DEBUG - Response: 200 OK [in E:\2024-2025\Kì 2\PBL5\greenhouse\backend\app\__init__.py:67]
2025-05-29 23:36:51,732 - app - DEBUG - Request: GET /api/devices/status [in E:\2024-2025\Kì 2\PBL5\greenhouse\backend\app\__init__.py:62]
2025-05-29 23:36:51,733 - app - DEBUG - Request: GET /api/alerts [in E:\2024-2025\Kì 2\PBL5\greenhouse\backend\app\__init__.py:62]
2025-05-29 23:36:51,732 - app - DEBUG - Request: GET /api/devices/status [in E:\2024-2025\Kì 2\PBL5\greenhouse\backend\app\__init__.py:62]
2025-05-29 23:36:51,733 - app - DEBUG - Request: GET /api/alerts [in E:\2024-2025\Kì 2\PBL5\greenhouse\backend\app\__init__.py:62]
2025-05-29 23:36:51,735 - app - DEBUG - Response: 200 OK [in E:\2024-2025\Kì 2\PBL5\greenhouse\backend\app\__init__.py:67]
2025-05-29 23:36:51,736 - app - DEBUG - Response: 200 OK [in E:\2024-2025\Kì 2\PBL5\greenhouse\backend\app\__init__.py:67]
2025-05-29 23:36:51,735 - app - DEBUG - Response: 200 OK [in E:\2024-2025\Kì 2\PBL5\greenhouse\backend\app\__init__.py:67]
2025-05-29 23:36:51,736 - app - DEBUG - Response: 200 OK [in E:\2024-2025\Kì 2\PBL5\greenhouse\backend\app\__init__.py:67]
2025-05-29 23:36:53,157 - app - DEBUG - Request: GET /api/sensors/visualization [in E:\2024-2025\Kì 2\PBL5\greenhouse\backend\app\__init__.py:62]
2025-05-29 23:36:53,157 - app - DEBUG - Request: GET /api/sensors/visualization [in E:\2024-2025\Kì 2\PBL5\greenhouse\backend\app\__init__.py:62]
2025-05-29 23:36:53,162 - app - DEBUG - Response: 200 OK [in E:\2024-2025\Kì 2\PBL5\greenhouse\backend\app\__init__.py:67]
2025-05-29 23:36:53,162 - app - DEBUG - Response: 200 OK [in E:\2024-2025\Kì 2\PBL5\greenhouse\backend\app\__init__.py:67]
2025-05-29 23:36:53,411 - app - DEBUG - Request: GET /api/sensors/visualization [in E:\2024-2025\Kì 2\PBL5\greenhouse\backend\app\__init__.py:62]
2025-05-29 23:36:53,411 - app - DEBUG - Request: GET /api/sensors/visualization [in E:\2024-2025\Kì 2\PBL5\greenhouse\backend\app\__init__.py:62]
2025-05-29 23:36:53,415 - app - DEBUG - Response: 200 OK [in E:\2024-2025\Kì 2\PBL5\greenhouse\backend\app\__init__.py:67]
2025-05-29 23:36:53,415 - app - DEBUG - Response: 200 OK [in E:\2024-2025\Kì 2\PBL5\greenhouse\backend\app\__init__.py:67]
2025-05-29 23:36:58,735 - app - DEBUG - Request: GET /api/sensors/visualization [in E:\2024-2025\Kì 2\PBL5\greenhouse\backend\app\__init__.py:62]
2025-05-29 23:36:58,735 - app - DEBUG - Request: GET /api/sensors/visualization [in E:\2024-2025\Kì 2\PBL5\greenhouse\backend\app\__init__.py:62]
2025-05-29 23:36:58,739 - app - DEBUG - Response: 200 OK [in E:\2024-2025\Kì 2\PBL5\greenhouse\backend\app\__init__.py:67]
2025-05-29 23:36:58,739 - app - DEBUG - Response: 200 OK [in E:\2024-2025\Kì 2\PBL5\greenhouse\backend\app\__init__.py:67]
2025-05-29 23:36:59,058 - app - DEBUG - Request: GET /api/sensors/visualization [in E:\2024-2025\Kì 2\PBL5\greenhouse\backend\app\__init__.py:62]
2025-05-29 23:36:59,058 - app - DEBUG - Request: GET /api/sensors/visualization [in E:\2024-2025\Kì 2\PBL5\greenhouse\backend\app\__init__.py:62]
2025-05-29 23:36:59,061 - app - DEBUG - Response: 200 OK [in E:\2024-2025\Kì 2\PBL5\greenhouse\backend\app\__init__.py:67]
2025-05-29 23:36:59,061 - app - DEBUG - Response: 200 OK [in E:\2024-2025\Kì 2\PBL5\greenhouse\backend\app\__init__.py:67]
2025-05-29 23:37:06,862 - app - DEBUG - Request: GET /api/sensors/visualization [in E:\2024-2025\Kì 2\PBL5\greenhouse\backend\app\__init__.py:62]
2025-05-29 23:37:06,862 - app - DEBUG - Request: GET /api/sensors/visualization [in E:\2024-2025\Kì 2\PBL5\greenhouse\backend\app\__init__.py:62]
2025-05-29 23:37:06,866 - app - DEBUG - Response: 200 OK [in E:\2024-2025\Kì 2\PBL5\greenhouse\backend\app\__init__.py:67]
2025-05-29 23:37:06,866 - app - DEBUG - Response: 200 OK [in E:\2024-2025\Kì 2\PBL5\greenhouse\backend\app\__init__.py:67]
2025-05-29 23:37:07,130 - app - DEBUG - Request: GET /api/sensors/visualization [in E:\2024-2025\Kì 2\PBL5\greenhouse\backend\app\__init__.py:62]
2025-05-29 23:37:07,130 - app - DEBUG - Request: GET /api/sensors/visualization [in E:\2024-2025\Kì 2\PBL5\greenhouse\backend\app\__init__.py:62]
2025-05-29 23:37:07,134 - app - DEBUG - Response: 200 OK [in E:\2024-2025\Kì 2\PBL5\greenhouse\backend\app\__init__.py:67]
2025-05-29 23:37:07,134 - app - DEBUG - Response: 200 OK [in E:\2024-2025\Kì 2\PBL5\greenhouse\backend\app\__init__.py:67]
2025-05-29 23:37:07,553 - app - DEBUG - Request: GET /api/sensors/latest [in E:\2024-2025\Kì 2\PBL5\greenhouse\backend\app\__init__.py:62]
2025-05-29 23:37:07,553 - app - DEBUG - Request: GET /api/sensors/latest [in E:\2024-2025\Kì 2\PBL5\greenhouse\backend\app\__init__.py:62]
2025-05-29 23:37:07,555 - app - DEBUG - Response: 200 OK [in E:\2024-2025\Kì 2\PBL5\greenhouse\backend\app\__init__.py:67]
2025-05-29 23:37:07,555 - app - DEBUG - Response: 200 OK [in E:\2024-2025\Kì 2\PBL5\greenhouse\backend\app\__init__.py:67]
2025-05-29 23:37:07,858 - app - DEBUG - Request: GET /api/devices/status [in E:\2024-2025\Kì 2\PBL5\greenhouse\backend\app\__init__.py:62]
2025-05-29 23:37:07,859 - app - DEBUG - Request: GET /api/alerts [in E:\2024-2025\Kì 2\PBL5\greenhouse\backend\app\__init__.py:62]
2025-05-29 23:37:07,858 - app - DEBUG - Request: GET /api/devices/status [in E:\2024-2025\Kì 2\PBL5\greenhouse\backend\app\__init__.py:62]
2025-05-29 23:37:07,859 - app - DEBUG - Request: GET /api/alerts [in E:\2024-2025\Kì 2\PBL5\greenhouse\backend\app\__init__.py:62]
2025-05-29 23:37:07,861 - app - DEBUG - Response: 200 OK [in E:\2024-2025\Kì 2\PBL5\greenhouse\backend\app\__init__.py:67]
2025-05-29 23:37:07,861 - app - DEBUG - Response: 200 OK [in E:\2024-2025\Kì 2\PBL5\greenhouse\backend\app\__init__.py:67]
2025-05-29 23:37:07,861 - app - DEBUG - Response: 200 OK [in E:\2024-2025\Kì 2\PBL5\greenhouse\backend\app\__init__.py:67]
2025-05-29 23:37:07,861 - app - DEBUG - Response: 200 OK [in E:\2024-2025\Kì 2\PBL5\greenhouse\backend\app\__init__.py:67]
2025-05-29 23:37:07,865 - app - DEBUG - Request: GET /api/sensors/latest [in E:\2024-2025\Kì 2\PBL5\greenhouse\backend\app\__init__.py:62]
2025-05-29 23:37:07,865 - app - DEBUG - Request: GET /api/sensors/latest [in E:\2024-2025\Kì 2\PBL5\greenhouse\backend\app\__init__.py:62]
2025-05-29 23:37:07,869 - app - DEBUG - Response: 200 OK [in E:\2024-2025\Kì 2\PBL5\greenhouse\backend\app\__init__.py:67]
2025-05-29 23:37:07,869 - app - DEBUG - Response: 200 OK [in E:\2024-2025\Kì 2\PBL5\greenhouse\backend\app\__init__.py:67]
2025-05-29 23:37:08,174 - app - DEBUG - Request: GET /api/devices/status [in E:\2024-2025\Kì 2\PBL5\greenhouse\backend\app\__init__.py:62]
2025-05-29 23:37:08,175 - app - DEBUG - Request: GET /api/alerts [in E:\2024-2025\Kì 2\PBL5\greenhouse\backend\app\__init__.py:62]
2025-05-29 23:37:08,174 - app - DEBUG - Request: GET /api/devices/status [in E:\2024-2025\Kì 2\PBL5\greenhouse\backend\app\__init__.py:62]
2025-05-29 23:37:08,175 - app - DEBUG - Request: GET /api/alerts [in E:\2024-2025\Kì 2\PBL5\greenhouse\backend\app\__init__.py:62]
2025-05-29 23:37:08,177 - app - DEBUG - Response: 200 OK [in E:\2024-2025\Kì 2\PBL5\greenhouse\backend\app\__init__.py:67]
2025-05-29 23:37:08,177 - app - DEBUG - Response: 200 OK [in E:\2024-2025\Kì 2\PBL5\greenhouse\backend\app\__init__.py:67]
2025-05-29 23:37:08,177 - app - DEBUG - Response: 200 OK [in E:\2024-2025\Kì 2\PBL5\greenhouse\backend\app\__init__.py:67]
2025-05-29 23:37:08,177 - app - DEBUG - Response: 200 OK [in E:\2024-2025\Kì 2\PBL5\greenhouse\backend\app\__init__.py:67]
2025-05-29 23:37:12,865 - app - DEBUG - Request: GET /api/sensors/latest [in E:\2024-2025\Kì 2\PBL5\greenhouse\backend\app\__init__.py:62]
2025-05-29 23:37:12,866 - app - DEBUG - Request: GET /api/alerts [in E:\2024-2025\Kì 2\PBL5\greenhouse\backend\app\__init__.py:62]
2025-05-29 23:37:12,866 - app - DEBUG - Request: GET /api/devices/status [in E:\2024-2025\Kì 2\PBL5\greenhouse\backend\app\__init__.py:62]
2025-05-29 23:37:12,865 - app - DEBUG - Request: GET /api/sensors/latest [in E:\2024-2025\Kì 2\PBL5\greenhouse\backend\app\__init__.py:62]
2025-05-29 23:37:12,866 - app - DEBUG - Request: GET /api/alerts [in E:\2024-2025\Kì 2\PBL5\greenhouse\backend\app\__init__.py:62]
2025-05-29 23:37:12,866 - app - DEBUG - Request: GET /api/devices/status [in E:\2024-2025\Kì 2\PBL5\greenhouse\backend\app\__init__.py:62]
2025-05-29 23:37:12,869 - app - DEBUG - Response: 200 OK [in E:\2024-2025\Kì 2\PBL5\greenhouse\backend\app\__init__.py:67]
2025-05-29 23:37:12,869 - app - DEBUG - Response: 200 OK [in E:\2024-2025\Kì 2\PBL5\greenhouse\backend\app\__init__.py:67]
2025-05-29 23:37:12,869 - app - DEBUG - Response: 200 OK [in E:\2024-2025\Kì 2\PBL5\greenhouse\backend\app\__init__.py:67]
2025-05-29 23:37:12,870 - app - DEBUG - Response: 200 OK [in E:\2024-2025\Kì 2\PBL5\greenhouse\backend\app\__init__.py:67]
2025-05-29 23:37:12,869 - app - DEBUG - Response: 200 OK [in E:\2024-2025\Kì 2\PBL5\greenhouse\backend\app\__init__.py:67]
2025-05-29 23:37:12,870 - app - DEBUG - Response: 200 OK [in E:\2024-2025\Kì 2\PBL5\greenhouse\backend\app\__init__.py:67]
2025-05-29 23:37:17,570 - app - DEBUG - Request: GET /api/sensors/latest [in E:\2024-2025\Kì 2\PBL5\greenhouse\backend\app\__init__.py:62]
2025-05-29 23:37:17,570 - app - DEBUG - Request: GET /api/sensors/latest [in E:\2024-2025\Kì 2\PBL5\greenhouse\backend\app\__init__.py:62]
2025-05-29 23:37:17,572 - app - DEBUG - Response: 200 OK [in E:\2024-2025\Kì 2\PBL5\greenhouse\backend\app\__init__.py:67]
2025-05-29 23:37:17,572 - app - DEBUG - Response: 200 OK [in E:\2024-2025\Kì 2\PBL5\greenhouse\backend\app\__init__.py:67]
2025-05-29 23:37:17,888 - app - DEBUG - Request: GET /api/devices/status [in E:\2024-2025\Kì 2\PBL5\greenhouse\backend\app\__init__.py:62]
2025-05-29 23:37:17,888 - app - DEBUG - Request: GET /api/alerts [in E:\2024-2025\Kì 2\PBL5\greenhouse\backend\app\__init__.py:62]
2025-05-29 23:37:17,888 - app - DEBUG - Request: GET /api/devices/status [in E:\2024-2025\Kì 2\PBL5\greenhouse\backend\app\__init__.py:62]
2025-05-29 23:37:17,888 - app - DEBUG - Request: GET /api/alerts [in E:\2024-2025\Kì 2\PBL5\greenhouse\backend\app\__init__.py:62]
2025-05-29 23:37:17,891 - app - DEBUG - Response: 200 OK [in E:\2024-2025\Kì 2\PBL5\greenhouse\backend\app\__init__.py:67]
2025-05-29 23:37:17,891 - app - DEBUG - Response: 200 OK [in E:\2024-2025\Kì 2\PBL5\greenhouse\backend\app\__init__.py:67]
2025-05-29 23:37:17,891 - app - DEBUG - Response: 200 OK [in E:\2024-2025\Kì 2\PBL5\greenhouse\backend\app\__init__.py:67]
2025-05-29 23:37:17,891 - app - DEBUG - Response: 200 OK [in E:\2024-2025\Kì 2\PBL5\greenhouse\backend\app\__init__.py:67]
2025-05-29 23:37:20,116 - app - DEBUG - Request: GET /api/sensors/visualization [in E:\2024-2025\Kì 2\PBL5\greenhouse\backend\app\__init__.py:62]
2025-05-29 23:37:20,116 - app - DEBUG - Request: GET /api/sensors/visualization [in E:\2024-2025\Kì 2\PBL5\greenhouse\backend\app\__init__.py:62]
2025-05-29 23:37:20,120 - app - DEBUG - Response: 200 OK [in E:\2024-2025\Kì 2\PBL5\greenhouse\backend\app\__init__.py:67]
2025-05-29 23:37:20,120 - app - DEBUG - Response: 200 OK [in E:\2024-2025\Kì 2\PBL5\greenhouse\backend\app\__init__.py:67]
2025-05-29 23:37:20,376 - app - DEBUG - Request: GET /api/sensors/visualization [in E:\2024-2025\Kì 2\PBL5\greenhouse\backend\app\__init__.py:62]
2025-05-29 23:37:20,376 - app - DEBUG - Request: GET /api/sensors/visualization [in E:\2024-2025\Kì 2\PBL5\greenhouse\backend\app\__init__.py:62]
2025-05-29 23:37:20,380 - app - DEBUG - Response: 200 OK [in E:\2024-2025\Kì 2\PBL5\greenhouse\backend\app\__init__.py:67]
2025-05-29 23:37:20,380 - app - DEBUG - Response: 200 OK [in E:\2024-2025\Kì 2\PBL5\greenhouse\backend\app\__init__.py:67]
2025-05-29 23:37:28,032 - app - DEBUG - Request: GET /api/sensors/visualization [in E:\2024-2025\Kì 2\PBL5\greenhouse\backend\app\__init__.py:62]
2025-05-29 23:37:28,032 - app - DEBUG - Request: GET /api/sensors/visualization [in E:\2024-2025\Kì 2\PBL5\greenhouse\backend\app\__init__.py:62]
2025-05-29 23:37:28,037 - app - DEBUG - Response: 200 OK [in E:\2024-2025\Kì 2\PBL5\greenhouse\backend\app\__init__.py:67]
2025-05-29 23:37:28,037 - app - DEBUG - Response: 200 OK [in E:\2024-2025\Kì 2\PBL5\greenhouse\backend\app\__init__.py:67]
2025-05-29 23:37:28,350 - app - DEBUG - Request: GET /api/sensors/visualization [in E:\2024-2025\Kì 2\PBL5\greenhouse\backend\app\__init__.py:62]
2025-05-29 23:37:28,350 - app - DEBUG - Request: GET /api/sensors/visualization [in E:\2024-2025\Kì 2\PBL5\greenhouse\backend\app\__init__.py:62]
2025-05-29 23:37:28,353 - app - DEBUG - Response: 200 OK [in E:\2024-2025\Kì 2\PBL5\greenhouse\backend\app\__init__.py:67]
2025-05-29 23:37:28,353 - app - DEBUG - Response: 200 OK [in E:\2024-2025\Kì 2\PBL5\greenhouse\backend\app\__init__.py:67]
2025-05-29 23:37:31,867 - app - DEBUG - Request: GET /api/sensors/visualization [in E:\2024-2025\Kì 2\PBL5\greenhouse\backend\app\__init__.py:62]
2025-05-29 23:37:31,867 - app - DEBUG - Request: GET /api/sensors/visualization [in E:\2024-2025\Kì 2\PBL5\greenhouse\backend\app\__init__.py:62]
2025-05-29 23:37:31,870 - app - DEBUG - Response: 200 OK [in E:\2024-2025\Kì 2\PBL5\greenhouse\backend\app\__init__.py:67]
2025-05-29 23:37:31,870 - app - DEBUG - Response: 200 OK [in E:\2024-2025\Kì 2\PBL5\greenhouse\backend\app\__init__.py:67]
2025-05-29 23:37:32,118 - app - DEBUG - Request: GET /api/sensors/visualization [in E:\2024-2025\Kì 2\PBL5\greenhouse\backend\app\__init__.py:62]
2025-05-29 23:37:32,118 - app - DEBUG - Request: GET /api/sensors/visualization [in E:\2024-2025\Kì 2\PBL5\greenhouse\backend\app\__init__.py:62]
2025-05-29 23:37:32,122 - app - DEBUG - Response: 200 OK [in E:\2024-2025\Kì 2\PBL5\greenhouse\backend\app\__init__.py:67]
2025-05-29 23:37:32,122 - app - DEBUG - Response: 200 OK [in E:\2024-2025\Kì 2\PBL5\greenhouse\backend\app\__init__.py:67]
2025-05-29 23:39:22,362 - app - DEBUG - Request: GET / [in E:\2024-2025\Kì 2\PBL5\greenhouse\backend\app\__init__.py:62]
2025-05-29 23:39:22,362 - app - DEBUG - Request: GET / [in E:\2024-2025\Kì 2\PBL5\greenhouse\backend\app\__init__.py:62]
2025-05-29 23:39:22,364 - app - DEBUG - Response: 404 NOT FOUND [in E:\2024-2025\Kì 2\PBL5\greenhouse\backend\app\__init__.py:67]
2025-05-29 23:39:22,364 - app - DEBUG - Response: 404 NOT FOUND [in E:\2024-2025\Kì 2\PBL5\greenhouse\backend\app\__init__.py:67]
2025-05-29 23:39:22,713 - app - DEBUG - Request: GET /favicon.ico [in E:\2024-2025\Kì 2\PBL5\greenhouse\backend\app\__init__.py:62]
2025-05-29 23:39:22,713 - app - DEBUG - Request: GET /favicon.ico [in E:\2024-2025\Kì 2\PBL5\greenhouse\backend\app\__init__.py:62]
2025-05-29 23:39:22,714 - app - DEBUG - Response: 404 NOT FOUND [in E:\2024-2025\Kì 2\PBL5\greenhouse\backend\app\__init__.py:67]
2025-05-29 23:39:22,714 - app - DEBUG - Response: 404 NOT FOUND [in E:\2024-2025\Kì 2\PBL5\greenhouse\backend\app\__init__.py:67]
2025-05-29 23:40:10,909 - app - DEBUG - Request: GET / [in E:\2024-2025\Kì 2\PBL5\greenhouse\backend\app\__init__.py:62]
2025-05-29 23:40:10,909 - app - DEBUG - Request: GET / [in E:\2024-2025\Kì 2\PBL5\greenhouse\backend\app\__init__.py:62]
2025-05-29 23:40:10,910 - app - DEBUG - Response: 404 NOT FOUND [in E:\2024-2025\Kì 2\PBL5\greenhouse\backend\app\__init__.py:67]
2025-05-29 23:40:10,910 - app - DEBUG - Response: 404 NOT FOUND [in E:\2024-2025\Kì 2\PBL5\greenhouse\backend\app\__init__.py:67]
2025-05-29 23:41:53,364 - app - DEBUG - Request: GET /api/sensors/visualization [in E:\2024-2025\Kì 2\PBL5\greenhouse\backend\app\__init__.py:62]
2025-05-29 23:41:53,364 - app - DEBUG - Request: GET /api/sensors/visualization [in E:\2024-2025\Kì 2\PBL5\greenhouse\backend\app\__init__.py:62]
2025-05-29 23:41:53,371 - app - DEBUG - Response: 200 OK [in E:\2024-2025\Kì 2\PBL5\greenhouse\backend\app\__init__.py:67]
2025-05-29 23:41:53,371 - app - DEBUG - Response: 200 OK [in E:\2024-2025\Kì 2\PBL5\greenhouse\backend\app\__init__.py:67]
2025-05-29 23:41:53,620 - app - DEBUG - Request: GET /api/sensors/visualization [in E:\2024-2025\Kì 2\PBL5\greenhouse\backend\app\__init__.py:62]
2025-05-29 23:41:53,620 - app - DEBUG - Request: GET /api/sensors/visualization [in E:\2024-2025\Kì 2\PBL5\greenhouse\backend\app\__init__.py:62]
2025-05-29 23:41:53,625 - app - DEBUG - Response: 200 OK [in E:\2024-2025\Kì 2\PBL5\greenhouse\backend\app\__init__.py:67]
2025-05-29 23:41:53,625 - app - DEBUG - Response: 200 OK [in E:\2024-2025\Kì 2\PBL5\greenhouse\backend\app\__init__.py:67]
2025-05-29 23:41:55,454 - app - DEBUG - Request: GET /api/sensors/latest [in E:\2024-2025\Kì 2\PBL5\greenhouse\backend\app\__init__.py:62]
2025-05-29 23:41:55,454 - app - DEBUG - Request: GET /api/sensors/latest [in E:\2024-2025\Kì 2\PBL5\greenhouse\backend\app\__init__.py:62]
2025-05-29 23:41:55,458 - app - DEBUG - Response: 200 OK [in E:\2024-2025\Kì 2\PBL5\greenhouse\backend\app\__init__.py:67]
2025-05-29 23:41:55,458 - app - DEBUG - Response: 200 OK [in E:\2024-2025\Kì 2\PBL5\greenhouse\backend\app\__init__.py:67]
2025-05-29 23:41:55,766 - app - DEBUG - Request: GET /api/devices/status [in E:\2024-2025\Kì 2\PBL5\greenhouse\backend\app\__init__.py:62]
2025-05-29 23:41:55,766 - app - DEBUG - Request: GET /api/sensors/latest [in E:\2024-2025\Kì 2\PBL5\greenhouse\backend\app\__init__.py:62]
2025-05-29 23:41:55,767 - app - DEBUG - Request: GET /api/alerts [in E:\2024-2025\Kì 2\PBL5\greenhouse\backend\app\__init__.py:62]
2025-05-29 23:41:55,766 - app - DEBUG - Request: GET /api/devices/status [in E:\2024-2025\Kì 2\PBL5\greenhouse\backend\app\__init__.py:62]
2025-05-29 23:41:55,766 - app - DEBUG - Request: GET /api/sensors/latest [in E:\2024-2025\Kì 2\PBL5\greenhouse\backend\app\__init__.py:62]
2025-05-29 23:41:55,767 - app - DEBUG - Request: GET /api/alerts [in E:\2024-2025\Kì 2\PBL5\greenhouse\backend\app\__init__.py:62]
2025-05-29 23:41:55,770 - app - DEBUG - Response: 200 OK [in E:\2024-2025\Kì 2\PBL5\greenhouse\backend\app\__init__.py:67]
2025-05-29 23:41:55,770 - app - DEBUG - Response: 200 OK [in E:\2024-2025\Kì 2\PBL5\greenhouse\backend\app\__init__.py:67]
2025-05-29 23:41:55,771 - app - DEBUG - Response: 200 OK [in E:\2024-2025\Kì 2\PBL5\greenhouse\backend\app\__init__.py:67]
2025-05-29 23:41:55,770 - app - DEBUG - Response: 200 OK [in E:\2024-2025\Kì 2\PBL5\greenhouse\backend\app\__init__.py:67]
2025-05-29 23:41:55,770 - app - DEBUG - Response: 200 OK [in E:\2024-2025\Kì 2\PBL5\greenhouse\backend\app\__init__.py:67]
2025-05-29 23:41:55,771 - app - DEBUG - Response: 200 OK [in E:\2024-2025\Kì 2\PBL5\greenhouse\backend\app\__init__.py:67]
2025-05-29 23:41:56,080 - app - DEBUG - Request: GET /api/devices/status [in E:\2024-2025\Kì 2\PBL5\greenhouse\backend\app\__init__.py:62]
2025-05-29 23:41:56,081 - app - DEBUG - Request: GET /api/alerts [in E:\2024-2025\Kì 2\PBL5\greenhouse\backend\app\__init__.py:62]
2025-05-29 23:41:56,080 - app - DEBUG - Request: GET /api/devices/status [in E:\2024-2025\Kì 2\PBL5\greenhouse\backend\app\__init__.py:62]
2025-05-29 23:41:56,081 - app - DEBUG - Request: GET /api/alerts [in E:\2024-2025\Kì 2\PBL5\greenhouse\backend\app\__init__.py:62]
2025-05-29 23:41:56,083 - app - DEBUG - Response: 200 OK [in E:\2024-2025\Kì 2\PBL5\greenhouse\backend\app\__init__.py:67]
2025-05-29 23:41:56,083 - app - DEBUG - Response: 200 OK [in E:\2024-2025\Kì 2\PBL5\greenhouse\backend\app\__init__.py:67]
2025-05-29 23:41:56,083 - app - DEBUG - Response: 200 OK [in E:\2024-2025\Kì 2\PBL5\greenhouse\backend\app\__init__.py:67]
2025-05-29 23:41:56,083 - app - DEBUG - Response: 200 OK [in E:\2024-2025\Kì 2\PBL5\greenhouse\backend\app\__init__.py:67]
